# JRE version: OpenJDK Runtime Environment Temurin-21.0.12.1+1 (21.0.12.1+1) (build 21.0.12.1+1-LTS)
# Java VM: OpenJDK 64-Bit Server VM Temurin-21.0.12.1+1 (21.0.12.1+1-LTS, mixed mode, sharing, tiered, compressed oops, compressed class ptrs, g1 gc, windows-amd64)
GC Precious Log:
 CardTable entry size: 512
 Card Set container configuration: InlinePtr #cards 5 size 8 Array Of Cards #cards 12 size 40 Howl #buckets 4 coarsen threshold 1843 Howl Bitmap #cards 512 size 80 coarsen threshold 460 Card regions per heap region 1 cards per card region 2048
 CPUs: 16 total, 16 available
 Memory: 16066M
 Large Page Support: Disabled
 NUMA Support: Disabled
 Compressed Oops: Enabled (32-bit)
 Heap Region Size: 1M
 Heap Min Capacity: 256M
 Heap Initial Capacity: 256M
 Heap Max Capacity: 512M
 Pre-touch: Disabled
 Parallel Workers: 13
 Concurrent Workers: 3
 Concurrent Refinement Workers: 13
 Periodic GC: Disabled
Heap:
 garbage-first heap   total 262144K, used 131713K [0x00000000e0000000, 0x0000000100000000)
  region size 1024K, 107 young (109568K), 7 survivors (7168K)
 Metaspace       used 47023K, committed 48896K, reserved 393216K
  class space    used 6945K, committed 7872K, reserved 327680K
GC Heap History (12 events):
Event: 71.092 GC heap before
{Heap before GC invocations=0 (full 0):
 garbage-first heap   total 262144K, used 26624K [0x00000000e0000000, 0x0000000100000000)
  region size 1024K, 23 young (23552K), 0 survivors (0K)
 Metaspace       used 3107K, committed 3328K, reserved 393216K
  class space    used 376K, committed 448K, reserved 327680K
}
Event: 71.103 GC heap after
{Heap after GC invocations=1 (full 0):
 garbage-first heap   total 262144K, used 10921K [0x00000000e0000000, 0x0000000100000000)
  region size 1024K, 3 young (3072K), 3 survivors (3072K)
 Metaspace       used 3107K, committed 3328K, reserved 393216K
  class space    used 376K, committed 448K, reserved 327680K
}
Event: 142.836 GC heap before
{Heap before GC invocations=1 (full 0):
 garbage-first heap   total 262144K, used 38569K [0x00000000e0000000, 0x0000000100000000)
  region size 1024K, 29 young (29696K), 3 survivors (3072K)
 Metaspace       used 4708K, committed 4928K, reserved 393216K
  class space    used 596K, committed 704K, reserved 327680K
}
Event: 142.852 GC heap after
{Heap after GC invocations=2 (full 0):
 garbage-first heap   total 262144K, used 15127K [0x00000000e0000000, 0x0000000100000000)
  region size 1024K, 3 young (3072K), 3 survivors (3072K)
 Metaspace       used 4708K, committed 4928K, reserved 393216K
  class space    used 596K, committed 704K, reserved 327680K
}
Event: 286.901 GC heap before
{Heap before GC invocations=2 (full 0):
 garbage-first heap   total 262144K, used 142103K [0x00000000e0000000, 0x0000000100000000)
  region size 1024K, 128 young (131072K), 3 survivors (3072K)
 Metaspace       used 20904K, committed 21504K, reserved 393216K
  class space    used 2918K, committed 3200K, reserved 327680K
}
Event: 286.937 GC heap after
{Heap after GC invocations=3 (full 0):
 garbage-first heap   total 262144K, used 24248K [0x00000000e0000000, 0x0000000100000000)
  region size 1024K, 12 young (12288K), 12 survivors (12288K)
 Metaspace       used 20904K, committed 21504K, reserved 393216K
  class space    used 2918K, committed 3200K, reserved 327680K
}
Event: 312.460 GC heap before
{Heap before GC invocations=4 (full 0):
 garbage-first heap   total 262144K, used 130744K [0x00000000e0000000, 0x0000000100000000)
  region size 1024K, 116 young (118784K), 12 survivors (12288K)
 Metaspace       used 34728K, committed 36096K, reserved 393216K
  class space    used 5024K, committed 5696K, reserved 327680K
}
Event: 312.486 GC heap after
{Heap after GC invocations=5 (full 0):
 garbage-first heap   total 262144K, used 31057K [0x00000000e0000000, 0x0000000100000000)
  region size 1024K, 16 young (16384K), 16 survivors (16384K)
 Metaspace       used 34728K, committed 36096K, reserved 393216K
  class space    used 5024K, committed 5696K, reserved 327680K
}
Event: 312.628 GC heap before
{Heap before GC invocations=5 (full 0):
 garbage-first heap   total 262144K, used 31057K [0x00000000e0000000, 0x0000000100000000)
  region size 1024K, 18 young (18432K), 16 survivors (16384K)
 Metaspace       used 35051K, committed 36416K, reserved 393216K
  class space    used 5025K, committed 5696K, reserved 327680K
}
Event: 312.646 GC heap after
{Heap after GC invocations=6 (full 0):
 garbage-first heap   total 262144K, used 30368K [0x00000000e0000000, 0x0000000100000000)
  region size 1024K, 7 young (7168K), 7 survivors (7168K)
 Metaspace       used 35051K, committed 36416K, reserved 393216K
  class space    used 5025K, committed 5696K, reserved 327680K
}
Event: 312.744 GC heap before
{Heap before GC invocations=6 (full 0):
 garbage-first heap   total 262144K, used 31392K [0x00000000e0000000, 0x0000000100000000)
  region size 1024K, 9 young (9216K), 7 survivors (7168K)
 Metaspace       used 35335K, committed 36736K, reserved 393216K
  class space    used 5051K, committed 5760K, reserved 327680K
}
Event: 312.752 GC heap after
{Heap after GC invocations=7 (full 0):
 garbage-first heap   total 262144K, used 30337K [0x00000000e0000000, 0x0000000100000000)
  region size 1024K, 7 young (7168K), 7 survivors (7168K)
 Metaspace       used 35335K, committed 36736K, reserved 393216K
  class space    used 5051K, committed 5760K, reserved 327680K
}

