# JRE version: OpenJDK Runtime Environment Temurin-21.0.12.1+1 (21.0.12.1+1) (build 21.0.12.1+1-LTS)
# Java VM: OpenJDK 64-Bit Server VM Temurin-21.0.12.1+1 (21.0.12.1+1-LTS, mixed mode, sharing, tiered, compressed oops, compressed class ptrs, g1 gc, windows-amd64)
GC Precious Log:
 CardTable entry size: 512
 Card Set container configuration: InlinePtr #cards 5 size 8 Array Of Cards #cards 12 size 40 Howl #buckets 4 coarsen threshold 1843 Howl Bitmap #cards 512 size 80 coarsen threshold 460 Card regions per heap region 1 cards per card region 2048
 CPUs: 16 total, 16 available
 Memory: 16066M
 Large Page Support: Disabled
 NUMA Support: Disabled
 Compressed Oops: Enabled (32-bit)
 Heap Region Size: 1M
 Heap Min Capacity: 256M
 Heap Initial Capacity: 256M
 Heap Max Capacity: 512M
 Pre-touch: Disabled
 Parallel Workers: 13
 Concurrent Workers: 3
 Concurrent Refinement Workers: 13
 Periodic GC: Disabled
Heap:
 garbage-first heap   total 262144K, used 198311K [0x00000000e0000000, 0x0000000100000000)
  region size 1024K, 145 young (148480K), 3 survivors (3072K)
 Metaspace       used 62095K, committed 64320K, reserved 393216K
  class space    used 9147K, committed 10240K, reserved 327680K
GC Heap History (16 events):
Event: 21.905 GC heap before
{Heap before GC invocations=0 (full 0):
 garbage-first heap   total 262144K, used 26624K [0x00000000e0000000, 0x0000000100000000)
  region size 1024K, 23 young (23552K), 0 survivors (0K)
 Metaspace       used 2753K, committed 2880K, reserved 393216K
  class space    used 320K, committed 384K, reserved 327680K
}
Event: 22.190 GC heap after
{Heap after GC invocations=1 (full 0):
 garbage-first heap   total 262144K, used 10794K [0x00000000e0000000, 0x0000000100000000)
  region size 1024K, 3 young (3072K), 3 survivors (3072K)
 Metaspace       used 2753K, committed 2880K, reserved 393216K
  class space    used 320K, committed 384K, reserved 327680K
}
Event: 40.916 GC heap before
{Heap before GC invocations=1 (full 0):
 garbage-first heap   total 262144K, used 41514K [0x00000000e0000000, 0x0000000100000000)
  region size 1024K, 31 young (31744K), 3 survivors (3072K)
 Metaspace       used 4735K, committed 4928K, reserved 393216K
  class space    used 597K, committed 704K, reserved 327680K
}
Event: 40.925 GC heap after
{Heap after GC invocations=2 (full 0):
 garbage-first heap   total 262144K, used 15251K [0x00000000e0000000, 0x0000000100000000)
  region size 1024K, 4 young (4096K), 4 survivors (4096K)
 Metaspace       used 4735K, committed 4928K, reserved 393216K
  class space    used 597K, committed 704K, reserved 327680K
}
Event: 193.302 GC heap before
{Heap before GC invocations=2 (full 0):
 garbage-first heap   total 262144K, used 120723K [0x00000000e0000000, 0x0000000100000000)
  region size 1024K, 107 young (109568K), 4 survivors (4096K)
 Metaspace       used 19615K, committed 20224K, reserved 393216K
  class space    used 2752K, committed 3072K, reserved 327680K
}
Event: 193.392 GC heap after
{Heap after GC invocations=3 (full 0):
 garbage-first heap   total 262144K, used 23525K [0x00000000e0000000, 0x0000000100000000)
  region size 1024K, 12 young (12288K), 12 survivors (12288K)
 Metaspace       used 19615K, committed 20224K, reserved 393216K
  class space    used 2752K, committed 3072K, reserved 327680K
}
Event: 194.276 GC heap before
{Heap before GC invocations=3 (full 0):
 garbage-first heap   total 262144K, used 30693K [0x00000000e0000000, 0x0000000100000000)
  region size 1024K, 19 young (19456K), 12 survivors (12288K)
 Metaspace       used 20831K, committed 21504K, reserved 393216K
  class space    used 2865K, committed 3200K, reserved 327680K
}
Event: 194.289 GC heap after
{Heap after GC invocations=4 (full 0):
 garbage-first heap   total 262144K, used 25298K [0x00000000e0000000, 0x0000000100000000)
  region size 1024K, 9 young (9216K), 9 survivors (9216K)
 Metaspace       used 20831K, committed 21504K, reserved 393216K
  class space    used 2865K, committed 3200K, reserved 327680K
}
Event: 204.368 GC heap before
{Heap before GC invocations=5 (full 0):
 garbage-first heap   total 262144K, used 131794K [0x00000000e0000000, 0x0000000100000000)
  region size 1024K, 115 young (117760K), 9 survivors (9216K)
 Metaspace       used 35087K, committed 36416K, reserved 393216K
  class space    used 5011K, committed 5696K, reserved 327680K
}
Event: 204.389 GC heap after
{Heap after GC invocations=6 (full 0):
 garbage-first heap   total 262144K, used 30415K [0x00000000e0000000, 0x0000000100000000)
  region size 1024K, 15 young (15360K), 15 survivors (15360K)
 Metaspace       used 35087K, committed 36416K, reserved 393216K
  class space    used 5011K, committed 5696K, reserved 327680K
}
Event: 224.948 GC heap before
{Heap before GC invocations=7 (full 0):
 garbage-first heap   total 262144K, used 171727K [0x00000000e0000000, 0x0000000100000000)
  region size 1024K, 153 young (156672K), 15 survivors (15360K)
 Metaspace       used 49882K, committed 51840K, reserved 393216K
  class space    used 7410K, committed 8384K, reserved 327680K
}
Event: 224.981 GC heap after
{Heap after GC invocations=8 (full 0):
 garbage-first heap   total 262144K, used 38094K [0x00000000e0000000, 0x0000000100000000)
  region size 1024K, 15 young (15360K), 15 survivors (15360K)
 Metaspace       used 49882K, committed 51840K, reserved 393216K
  class space    used 7410K, committed 8384K, reserved 327680K
}
Event: 244.430 GC heap before
{Heap before GC invocations=8 (full 0):
 garbage-first heap   total 262144K, used 167118K [0x00000000e0000000, 0x0000000100000000)
  region size 1024K, 142 young (145408K), 15 survivors (15360K)
 Metaspace       used 58737K, committed 60800K, reserved 393216K
  class space    used 8781K, committed 9792K, reserved 327680K
}
Event: 244.462 GC heap after
{Heap after GC invocations=9 (full 0):
 garbage-first heap   total 262144K, used 50406K [0x00000000e0000000, 0x0000000100000000)
  region size 1024K, 20 young (20480K), 20 survivors (20480K)
 Metaspace       used 58737K, committed 60800K, reserved 393216K
  class space    used 8781K, committed 9792K, reserved 327680K
}
Event: 244.542 GC heap before
{Heap before GC invocations=9 (full 0):
 garbage-first heap   total 262144K, used 51430K [0x00000000e0000000, 0x0000000100000000)
  region size 1024K, 22 young (22528K), 20 survivors (20480K)
 Metaspace       used 59021K, committed 61120K, reserved 393216K
  class space    used 8807K, committed 9856K, reserved 327680K
}
Event: 244.568 GC heap after
{Heap after GC invocations=10 (full 0):
 garbage-first heap   total 262144K, used 53927K [0x00000000e0000000, 0x0000000100000000)
  region size 1024K, 3 young (3072K), 3 survivors (3072K)
 Metaspace       used 59021K, committed 61120K, reserved 393216K
  class space    used 8807K, committed 9856K, reserved 327680K
}

