# JRE version: OpenJDK Runtime Environment Temurin-21.0.12.1+1 (21.0.12.1+1) (build 21.0.12.1+1-LTS)
# Java VM: OpenJDK 64-Bit Server VM Temurin-21.0.12.1+1 (21.0.12.1+1-LTS, mixed mode, sharing, tiered, compressed oops, compressed class ptrs, g1 gc, windows-amd64)
GC Precious Log:
 CardTable entry size: 512
 Card Set container configuration: InlinePtr #cards 5 size 8 Array Of Cards #cards 12 size 40 Howl #buckets 4 coarsen threshold 1843 Howl Bitmap #cards 512 size 80 coarsen threshold 460 Card regions per heap region 1 cards per card region 2048
 CPUs: 16 total, 16 available
 Memory: 16066M
 Large Page Support: Disabled
 NUMA Support: Disabled
 Compressed Oops: Enabled (32-bit)
 Heap Region Size: 1M
 Heap Min Capacity: 256M
 Heap Initial Capacity: 256M
 Heap Max Capacity: 512M
 Pre-touch: Disabled
 Parallel Workers: 13
 Concurrent Workers: 3
 Concurrent Refinement Workers: 13
 Periodic GC: Disabled
Heap:
 garbage-first heap   total 262144K, used 77396K [0x00000000e0000000, 0x0000000100000000)
  region size 1024K, 57 young (58368K), 16 survivors (16384K)
 Metaspace       used 50076K, committed 51968K, reserved 393216K
  class space    used 7442K, committed 8384K, reserved 327680K
GC Heap History (16 events):
Event: 30.991 GC heap before
{Heap before GC invocations=0 (full 0):
 garbage-first heap   total 262144K, used 27648K [0x00000000e0000000, 0x0000000100000000)
  region size 1024K, 23 young (23552K), 0 survivors (0K)
 Metaspace       used 2845K, committed 3008K, reserved 393216K
  class space    used 332K, committed 384K, reserved 327680K
}
Event: 31.004 GC heap after
{Heap after GC invocations=1 (full 0):
 garbage-first heap   total 262144K, used 11063K [0x00000000e0000000, 0x0000000100000000)
  region size 1024K, 3 young (3072K), 3 survivors (3072K)
 Metaspace       used 2845K, committed 3008K, reserved 393216K
  class space    used 332K, committed 384K, reserved 327680K
}
Event: 65.760 GC heap before
{Heap before GC invocations=1 (full 0):
 garbage-first heap   total 262144K, used 38711K [0x00000000e0000000, 0x0000000100000000)
  region size 1024K, 29 young (29696K), 3 survivors (3072K)
 Metaspace       used 4685K, committed 4864K, reserved 393216K
  class space    used 596K, committed 704K, reserved 327680K
}
Event: 65.771 GC heap after
{Heap after GC invocations=2 (full 0):
 garbage-first heap   total 262144K, used 14065K [0x00000000e0000000, 0x0000000100000000)
  region size 1024K, 2 young (2048K), 2 survivors (2048K)
 Metaspace       used 4685K, committed 4864K, reserved 393216K
  class space    used 596K, committed 704K, reserved 327680K
}
Event: 165.151 GC heap before
{Heap before GC invocations=2 (full 0):
 garbage-first heap   total 262144K, used 80625K [0x00000000e0000000, 0x0000000100000000)
  region size 1024K, 67 young (68608K), 2 survivors (2048K)
 Metaspace       used 14531K, committed 14912K, reserved 393216K
  class space    used 1976K, committed 2176K, reserved 327680K
}
Event: 165.262 GC heap after
{Heap after GC invocations=3 (full 0):
 garbage-first heap   total 262144K, used 21262K [0x00000000e0000000, 0x0000000100000000)
  region size 1024K, 9 young (9216K), 9 survivors (9216K)
 Metaspace       used 14531K, committed 14912K, reserved 393216K
  class space    used 1976K, committed 2176K, reserved 327680K
}
Event: 201.648 GC heap before
{Heap before GC invocations=3 (full 0):
 garbage-first heap   total 262144K, used 65294K [0x00000000e0000000, 0x0000000100000000)
  region size 1024K, 51 young (52224K), 9 survivors (9216K)
 Metaspace       used 20837K, committed 21504K, reserved 393216K
  class space    used 2863K, committed 3200K, reserved 327680K
}
Event: 201.666 GC heap after
{Heap after GC invocations=4 (full 0):
 garbage-first heap   total 262144K, used 25023K [0x00000000e0000000, 0x0000000100000000)
  region size 1024K, 3 young (3072K), 3 survivors (3072K)
 Metaspace       used 20837K, committed 21504K, reserved 393216K
  class space    used 2863K, committed 3200K, reserved 327680K
}
Event: 267.538 GC heap before
{Heap before GC invocations=5 (full 0):
 garbage-first heap   total 262144K, used 125375K [0x00000000e0000000, 0x0000000100000000)
  region size 1024K, 101 young (103424K), 3 survivors (3072K)
 Metaspace       used 33627K, committed 35008K, reserved 393216K
  class space    used 4915K, committed 5568K, reserved 327680K
}
Event: 267.555 GC heap after
{Heap after GC invocations=6 (full 0):
 garbage-first heap   total 262144K, used 29312K [0x00000000e0000000, 0x0000000100000000)
  region size 1024K, 8 young (8192K), 8 survivors (8192K)
 Metaspace       used 33627K, committed 35008K, reserved 393216K
  class space    used 4915K, committed 5568K, reserved 327680K
}
Event: 269.990 GC heap before
{Heap before GC invocations=6 (full 0):
 garbage-first heap   total 262144K, used 34432K [0x00000000e0000000, 0x0000000100000000)
  region size 1024K, 15 young (15360K), 8 survivors (8192K)
 Metaspace       used 34776K, committed 36096K, reserved 393216K
  class space    used 4995K, committed 5632K, reserved 327680K
}
Event: 270.004 GC heap after
{Heap after GC invocations=7 (full 0):
 garbage-first heap   total 262144K, used 29464K [0x00000000e0000000, 0x0000000100000000)
  region size 1024K, 9 young (9216K), 9 survivors (9216K)
 Metaspace       used 34776K, committed 36096K, reserved 393216K
  class space    used 4995K, committed 5632K, reserved 327680K
}
Event: 270.944 GC heap before
{Heap before GC invocations=7 (full 0):
 garbage-first heap   total 262144K, used 31512K [0x00000000e0000000, 0x0000000100000000)
  region size 1024K, 13 young (13312K), 9 survivors (9216K)
 Metaspace       used 35105K, committed 36416K, reserved 393216K
  class space    used 5031K, committed 5696K, reserved 327680K
}
Event: 270.959 GC heap after
{Heap after GC invocations=8 (full 0):
 garbage-first heap   total 262144K, used 30638K [0x00000000e0000000, 0x0000000100000000)
  region size 1024K, 10 young (10240K), 10 survivors (10240K)
 Metaspace       used 35105K, committed 36416K, reserved 393216K
  class space    used 5031K, committed 5696K, reserved 327680K
}
Event: 419.874 GC heap before
{Heap before GC invocations=9 (full 0):
 garbage-first heap   total 262144K, used 177070K [0x00000000e0000000, 0x0000000100000000)
  region size 1024K, 153 young (156672K), 10 survivors (10240K)
 Metaspace       used 48138K, committed 49984K, reserved 393216K
  class space    used 7126K, committed 8000K, reserved 327680K
}
Event: 419.894 GC heap after
{Heap after GC invocations=10 (full 0):
 garbage-first heap   total 262144K, used 37460K [0x00000000e0000000, 0x0000000100000000)
  region size 1024K, 16 young (16384K), 16 survivors (16384K)
 Metaspace       used 48138K, committed 49984K, reserved 393216K
  class space    used 7126K, committed 8000K, reserved 327680K
}

