# JRE version: OpenJDK Runtime Environment Temurin-21.0.12.1+1 (21.0.12.1+1) (build 21.0.12.1+1-LTS)
# Java VM: OpenJDK 64-Bit Server VM Temurin-21.0.12.1+1 (21.0.12.1+1-LTS, mixed mode, sharing, tiered, compressed oops, compressed class ptrs, g1 gc, windows-amd64)
GC Precious Log:
 CardTable entry size: 512
 Card Set container configuration: InlinePtr #cards 5 size 8 Array Of Cards #cards 12 size 40 Howl #buckets 4 coarsen threshold 1843 Howl Bitmap #cards 512 size 80 coarsen threshold 460 Card regions per heap region 1 cards per card region 2048
 CPUs: 16 total, 16 available
 Memory: 16066M
 Large Page Support: Disabled
 NUMA Support: Disabled
 Compressed Oops: Enabled (32-bit)
 Heap Region Size: 1M
 Heap Min Capacity: 256M
 Heap Initial Capacity: 256M
 Heap Max Capacity: 512M
 Pre-touch: Disabled
 Parallel Workers: 13
 Concurrent Workers: 3
 Concurrent Refinement Workers: 13
 Periodic GC: Disabled
Heap:
 garbage-first heap   total 262144K, used 150422K [0x00000000e0000000, 0x0000000100000000)
  region size 1024K, 127 young (130048K), 10 survivors (10240K)
 Metaspace       used 47831K, committed 49600K, reserved 393216K
  class space    used 7113K, committed 8000K, reserved 327680K
GC Heap History (14 events):
Event: 13.299 GC heap before
{Heap before GC invocations=0 (full 0):
 garbage-first heap   total 262144K, used 26624K [0x00000000e0000000, 0x0000000100000000)
  region size 1024K, 23 young (23552K), 0 survivors (0K)
 Metaspace       used 2861K, committed 3008K, reserved 393216K
  class space    used 334K, committed 384K, reserved 327680K
}
Event: 13.836 GC heap after
{Heap after GC invocations=1 (full 0):
 garbage-first heap   total 262144K, used 10655K [0x00000000e0000000, 0x0000000100000000)
  region size 1024K, 3 young (3072K), 3 survivors (3072K)
 Metaspace       used 2861K, committed 3008K, reserved 393216K
  class space    used 334K, committed 384K, reserved 327680K
}
Event: 34.704 GC heap before
{Heap before GC invocations=1 (full 0):
 garbage-first heap   total 262144K, used 40351K [0x00000000e0000000, 0x0000000100000000)
  region size 1024K, 31 young (31744K), 3 survivors (3072K)
 Metaspace       used 4772K, committed 4992K, reserved 393216K
  class space    used 598K, committed 704K, reserved 327680K
}
Event: 34.714 GC heap after
{Heap after GC invocations=2 (full 0):
 garbage-first heap   total 262144K, used 15700K [0x00000000e0000000, 0x0000000100000000)
  region size 1024K, 4 young (4096K), 4 survivors (4096K)
 Metaspace       used 4772K, committed 4992K, reserved 393216K
  class space    used 598K, committed 704K, reserved 327680K
}
Event: 107.585 GC heap before
{Heap before GC invocations=2 (full 0):
 garbage-first heap   total 262144K, used 80212K [0x00000000e0000000, 0x0000000100000000)
  region size 1024K, 68 young (69632K), 4 survivors (4096K)
 Metaspace       used 14795K, committed 15232K, reserved 393216K
  class space    used 2019K, committed 2240K, reserved 327680K
}
Event: 107.602 GC heap after
{Heap after GC invocations=3 (full 0):
 garbage-first heap   total 262144K, used 21579K [0x00000000e0000000, 0x0000000100000000)
  region size 1024K, 9 young (9216K), 9 survivors (9216K)
 Metaspace       used 14795K, committed 15232K, reserved 393216K
  class space    used 2019K, committed 2240K, reserved 327680K
}
Event: 111.210 GC heap before
{Heap before GC invocations=3 (full 0):
 garbage-first heap   total 262144K, used 61515K [0x00000000e0000000, 0x0000000100000000)
  region size 1024K, 48 young (49152K), 9 survivors (9216K)
 Metaspace       used 20836K, committed 21504K, reserved 393216K
  class space    used 2864K, committed 3200K, reserved 327680K
}
Event: 111.226 GC heap after
{Heap after GC invocations=4 (full 0):
 garbage-first heap   total 262144K, used 25458K [0x00000000e0000000, 0x0000000100000000)
  region size 1024K, 3 young (3072K), 3 survivors (3072K)
 Metaspace       used 20836K, committed 21504K, reserved 393216K
  class space    used 2864K, committed 3200K, reserved 327680K
}
Event: 124.948 GC heap before
{Heap before GC invocations=5 (full 0):
 garbage-first heap   total 262144K, used 119666K [0x00000000e0000000, 0x0000000100000000)
  region size 1024K, 95 young (97280K), 3 survivors (3072K)
 Metaspace       used 32961K, committed 34304K, reserved 393216K
  class space    used 4829K, committed 5504K, reserved 327680K
}
Event: 124.962 GC heap after
{Heap after GC invocations=6 (full 0):
 garbage-first heap   total 262144K, used 29280K [0x00000000e0000000, 0x0000000100000000)
  region size 1024K, 8 young (8192K), 8 survivors (8192K)
 Metaspace       used 32961K, committed 34304K, reserved 393216K
  class space    used 4829K, committed 5504K, reserved 327680K
}
Event: 127.185 GC heap before
{Heap before GC invocations=6 (full 0):
 garbage-first heap   total 262144K, used 37472K [0x00000000e0000000, 0x0000000100000000)
  region size 1024K, 18 young (18432K), 8 survivors (8192K)
 Metaspace       used 34813K, committed 36160K, reserved 393216K
  class space    used 5002K, committed 5696K, reserved 327680K
}
Event: 127.207 GC heap after
{Heap after GC invocations=7 (full 0):
 garbage-first heap   total 262144K, used 30618K [0x00000000e0000000, 0x0000000100000000)
  region size 1024K, 9 young (9216K), 9 survivors (9216K)
 Metaspace       used 34813K, committed 36160K, reserved 393216K
  class space    used 5002K, committed 5696K, reserved 327680K
}
Event: 128.161 GC heap before
{Heap before GC invocations=7 (full 0):
 garbage-first heap   total 262144K, used 33690K [0x00000000e0000000, 0x0000000100000000)
  region size 1024K, 13 young (13312K), 9 survivors (9216K)
 Metaspace       used 35188K, committed 36480K, reserved 393216K
  class space    used 5040K, committed 5696K, reserved 327680K
}
Event: 128.174 GC heap after
{Heap after GC invocations=8 (full 0):
 garbage-first heap   total 262144K, used 31638K [0x00000000e0000000, 0x0000000100000000)
  region size 1024K, 10 young (10240K), 10 survivors (10240K)
 Metaspace       used 35188K, committed 36480K, reserved 393216K
  class space    used 5040K, committed 5696K, reserved 327680K
}

