# JRE version: OpenJDK Runtime Environment Temurin-21.0.12.1+1 (21.0.12.1+1) (build 21.0.12.1+1-LTS)
# Java VM: OpenJDK 64-Bit Server VM Temurin-21.0.12.1+1 (21.0.12.1+1-LTS, mixed mode, sharing, tiered, compressed oops, compressed class ptrs, g1 gc, windows-amd64)
GC Precious Log:
 CardTable entry size: 512
 Card Set container configuration: InlinePtr #cards 5 size 8 Array Of Cards #cards 12 size 40 Howl #buckets 4 coarsen threshold 1843 Howl Bitmap #cards 512 size 80 coarsen threshold 460 Card regions per heap region 1 cards per card region 2048
 CPUs: 16 total, 16 available
 Memory: 16066M
 Large Page Support: Disabled
 NUMA Support: Disabled
 Compressed Oops: Enabled (32-bit)
 Heap Region Size: 1M
 Heap Min Capacity: 256M
 Heap Initial Capacity: 256M
 Heap Max Capacity: 512M
 Pre-touch: Disabled
 Parallel Workers: 13
 Concurrent Workers: 3
 Concurrent Refinement Workers: 13
 Periodic GC: Disabled
Heap:
 garbage-first heap   total 262144K, used 115139K [0x00000000e0000000, 0x0000000100000000)
  region size 1024K, 100 young (102400K), 12 survivors (12288K)
 Metaspace       used 32325K, committed 33600K, reserved 393216K
  class space    used 4644K, committed 5312K, reserved 327680K
GC Heap History (6 events):
Event: 72.330 GC heap before
{Heap before GC invocations=0 (full 0):
 garbage-first heap   total 262144K, used 26624K [0x00000000e0000000, 0x0000000100000000)
  region size 1024K, 23 young (23552K), 0 survivors (0K)
 Metaspace       used 3077K, committed 3264K, reserved 393216K
  class space    used 369K, committed 448K, reserved 327680K
}
Event: 73.268 GC heap after
{Heap after GC invocations=1 (full 0):
 garbage-first heap   total 262144K, used 10933K [0x00000000e0000000, 0x0000000100000000)
  region size 1024K, 3 young (3072K), 3 survivors (3072K)
 Metaspace       used 3077K, committed 3264K, reserved 393216K
  class space    used 369K, committed 448K, reserved 327680K
}
Event: 183.184 GC heap before
{Heap before GC invocations=1 (full 0):
 garbage-first heap   total 262144K, used 39605K [0x00000000e0000000, 0x0000000100000000)
  region size 1024K, 30 young (30720K), 3 survivors (3072K)
 Metaspace       used 4755K, committed 4928K, reserved 393216K
  class space    used 598K, committed 704K, reserved 327680K
}
Event: 183.210 GC heap after
{Heap after GC invocations=2 (full 0):
 garbage-first heap   total 262144K, used 15400K [0x00000000e0000000, 0x0000000100000000)
  region size 1024K, 4 young (4096K), 4 survivors (4096K)
 Metaspace       used 4755K, committed 4928K, reserved 393216K
  class space    used 598K, committed 704K, reserved 327680K
}
Event: 655.448 GC heap before
{Heap before GC invocations=2 (full 0):
 garbage-first heap   total 262144K, used 151592K [0x00000000e0000000, 0x0000000100000000)
  region size 1024K, 138 young (141312K), 4 survivors (4096K)
 Metaspace       used 20846K, committed 21504K, reserved 393216K
  class space    used 2876K, committed 3200K, reserved 327680K
}
Event: 655.513 GC heap after
{Heap after GC invocations=3 (full 0):
 garbage-first heap   total 262144K, used 24003K [0x00000000e0000000, 0x0000000100000000)
  region size 1024K, 12 young (12288K), 12 survivors (12288K)
 Metaspace       used 20846K, committed 21504K, reserved 393216K
  class space    used 2876K, committed 3200K, reserved 327680K
}

