# JRE version: OpenJDK Runtime Environment Temurin-21.0.12.1+1 (21.0.12.1+1) (build 21.0.12.1+1-LTS)
# Java VM: OpenJDK 64-Bit Server VM Temurin-21.0.12.1+1 (21.0.12.1+1-LTS, mixed mode, sharing, tiered, compressed oops, compressed class ptrs, g1 gc, windows-amd64)
GC Precious Log:
 CardTable entry size: 512
 Card Set container configuration: InlinePtr #cards 5 size 8 Array Of Cards #cards 12 size 40 Howl #buckets 4 coarsen threshold 1843 Howl Bitmap #cards 512 size 80 coarsen threshold 460 Card regions per heap region 1 cards per card region 2048
 CPUs: 16 total, 16 available
 Memory: 16066M
 Large Page Support: Disabled
 NUMA Support: Disabled
 Compressed Oops: Enabled (32-bit)
 Heap Region Size: 1M
 Heap Min Capacity: 256M
 Heap Initial Capacity: 256M
 Heap Max Capacity: 512M
 Pre-touch: Disabled
 Parallel Workers: 13
 Concurrent Workers: 3
 Concurrent Refinement Workers: 13
 Periodic GC: Disabled
Heap:
 garbage-first heap   total 262144K, used 44956K [0x00000000e0000000, 0x0000000100000000)
  region size 1024K, 24 young (24576K), 9 survivors (9216K)
 Metaspace       used 37233K, committed 38656K, reserved 393216K
  class space    used 5375K, committed 6080K, reserved 327680K
GC Heap History (14 events):
Event: 16.524 GC heap before
{Heap before GC invocations=0 (full 0):
 garbage-first heap   total 262144K, used 26624K [0x00000000e0000000, 0x0000000100000000)
  region size 1024K, 23 young (23552K), 0 survivors (0K)
 Metaspace       used 2924K, committed 3072K, reserved 393216K
  class space    used 343K, committed 384K, reserved 327680K
}
Event: 17.242 GC heap after
{Heap after GC invocations=1 (full 0):
 garbage-first heap   total 262144K, used 10794K [0x00000000e0000000, 0x0000000100000000)
  region size 1024K, 3 young (3072K), 3 survivors (3072K)
 Metaspace       used 2924K, committed 3072K, reserved 393216K
  class space    used 343K, committed 384K, reserved 327680K
}
Event: 26.591 GC heap before
{Heap before GC invocations=1 (full 0):
 garbage-first heap   total 262144K, used 39466K [0x00000000e0000000, 0x0000000100000000)
  region size 1024K, 30 young (30720K), 3 survivors (3072K)
 Metaspace       used 4758K, committed 4928K, reserved 393216K
  class space    used 599K, committed 704K, reserved 327680K
}
Event: 26.599 GC heap after
{Heap after GC invocations=2 (full 0):
 garbage-first heap   total 262144K, used 15205K [0x00000000e0000000, 0x0000000100000000)
  region size 1024K, 3 young (3072K), 3 survivors (3072K)
 Metaspace       used 4758K, committed 4928K, reserved 393216K
  class space    used 599K, committed 704K, reserved 327680K
}
Event: 90.845 GC heap before
{Heap before GC invocations=2 (full 0):
 garbage-first heap   total 262144K, used 85861K [0x00000000e0000000, 0x0000000100000000)
  region size 1024K, 72 young (73728K), 3 survivors (3072K)
 Metaspace       used 15528K, committed 16000K, reserved 393216K
  class space    used 2130K, committed 2368K, reserved 327680K
}
Event: 90.979 GC heap after
{Heap after GC invocations=3 (full 0):
 garbage-first heap   total 262144K, used 21823K [0x00000000e0000000, 0x0000000100000000)
  region size 1024K, 9 young (9216K), 9 survivors (9216K)
 Metaspace       used 15528K, committed 16000K, reserved 393216K
  class space    used 2130K, committed 2368K, reserved 327680K
}
Event: 109.681 GC heap before
{Heap before GC invocations=3 (full 0):
 garbage-first heap   total 262144K, used 57663K [0x00000000e0000000, 0x0000000100000000)
  region size 1024K, 44 young (45056K), 9 survivors (9216K)
 Metaspace       used 20830K, committed 21504K, reserved 393216K
  class space    used 2857K, committed 3200K, reserved 327680K
}
Event: 109.697 GC heap after
{Heap after GC invocations=4 (full 0):
 garbage-first heap   total 262144K, used 25676K [0x00000000e0000000, 0x0000000100000000)
  region size 1024K, 9 young (9216K), 9 survivors (9216K)
 Metaspace       used 20830K, committed 21504K, reserved 393216K
  class space    used 2857K, committed 3200K, reserved 327680K
}
Event: 177.343 GC heap before
{Heap before GC invocations=5 (full 0):
 garbage-first heap   total 262144K, used 131148K [0x00000000e0000000, 0x0000000100000000)
  region size 1024K, 114 young (116736K), 9 survivors (9216K)
 Metaspace       used 34658K, committed 35968K, reserved 393216K
  class space    used 4973K, committed 5632K, reserved 327680K
}
Event: 177.370 GC heap after
{Heap after GC invocations=6 (full 0):
 garbage-first heap   total 262144K, used 30456K [0x00000000e0000000, 0x0000000100000000)
  region size 1024K, 15 young (15360K), 15 survivors (15360K)
 Metaspace       used 34658K, committed 35968K, reserved 393216K
  class space    used 4973K, committed 5632K, reserved 327680K
}
Event: 177.723 GC heap before
{Heap before GC invocations=6 (full 0):
 garbage-first heap   total 262144K, used 32504K [0x00000000e0000000, 0x0000000100000000)
  region size 1024K, 18 young (18432K), 15 survivors (15360K)
 Metaspace       used 34936K, committed 36288K, reserved 393216K
  class space    used 5013K, committed 5696K, reserved 327680K
}
Event: 177.746 GC heap after
{Heap after GC invocations=7 (full 0):
 garbage-first heap   total 262144K, used 30518K [0x00000000e0000000, 0x0000000100000000)
  region size 1024K, 9 young (9216K), 9 survivors (9216K)
 Metaspace       used 34936K, committed 36288K, reserved 393216K
  class space    used 5013K, committed 5696K, reserved 327680K
}
Event: 178.092 GC heap before
{Heap before GC invocations=7 (full 0):
 garbage-first heap   total 262144K, used 32566K [0x00000000e0000000, 0x0000000100000000)
  region size 1024K, 12 young (12288K), 9 survivors (9216K)
 Metaspace       used 35203K, committed 36608K, reserved 393216K
  class space    used 5044K, committed 5760K, reserved 327680K
}
Event: 178.105 GC heap after
{Heap after GC invocations=8 (full 0):
 garbage-first heap   total 262144K, used 30620K [0x00000000e0000000, 0x0000000100000000)
  region size 1024K, 9 young (9216K), 9 survivors (9216K)
 Metaspace       used 35203K, committed 36608K, reserved 393216K
  class space    used 5044K, committed 5760K, reserved 327680K
}

