# JRE version: OpenJDK Runtime Environment Temurin-21.0.12.1+1 (21.0.12.1+1) (build 21.0.12.1+1-LTS)
# Java VM: OpenJDK 64-Bit Server VM Temurin-21.0.12.1+1 (21.0.12.1+1-LTS, mixed mode, sharing, tiered, compressed oops, compressed class ptrs, g1 gc, windows-amd64)
GC Precious Log:
 CardTable entry size: 512
 Card Set container configuration: InlinePtr #cards 5 size 8 Array Of Cards #cards 12 size 40 Howl #buckets 4 coarsen threshold 1843 Howl Bitmap #cards 512 size 80 coarsen threshold 460 Card regions per heap region 1 cards per card region 2048
 CPUs: 16 total, 16 available
 Memory: 16066M
 Large Page Support: Disabled
 NUMA Support: Disabled
 Compressed Oops: Enabled (32-bit)
 Heap Region Size: 1M
 Heap Min Capacity: 256M
 Heap Initial Capacity: 256M
 Heap Max Capacity: 512M
 Pre-touch: Disabled
 Parallel Workers: 13
 Concurrent Workers: 3
 Concurrent Refinement Workers: 13
 Periodic GC: Disabled
Heap:
 garbage-first heap   total 262144K, used 39508K [0x00000000e0000000, 0x0000000100000000)
  region size 1024K, 17 young (17408K), 16 survivors (16384K)
 Metaspace       used 50191K, committed 52096K, reserved 393216K
  class space    used 7469K, committed 8448K, reserved 327680K
GC Heap History (14 events):
Event: 35.476 GC heap before
{Heap before GC invocations=0 (full 0):
 garbage-first heap   total 262144K, used 27648K [0x00000000e0000000, 0x0000000100000000)
  region size 1024K, 23 young (23552K), 0 survivors (0K)
 Metaspace       used 2515K, committed 2688K, reserved 393216K
  class space    used 289K, committed 384K, reserved 327680K
}
Event: 35.489 GC heap after
{Heap after GC invocations=1 (full 0):
 garbage-first heap   total 262144K, used 10829K [0x00000000e0000000, 0x0000000100000000)
  region size 1024K, 3 young (3072K), 3 survivors (3072K)
 Metaspace       used 2515K, committed 2688K, reserved 393216K
  class space    used 289K, committed 384K, reserved 327680K
}
Event: 66.784 GC heap before
{Heap before GC invocations=1 (full 0):
 garbage-first heap   total 262144K, used 40525K [0x00000000e0000000, 0x0000000100000000)
  region size 1024K, 30 young (30720K), 3 survivors (3072K)
 Metaspace       used 4678K, committed 4864K, reserved 393216K
  class space    used 596K, committed 704K, reserved 327680K
}
Event: 66.797 GC heap after
{Heap after GC invocations=2 (full 0):
 garbage-first heap   total 262144K, used 14228K [0x00000000e0000000, 0x0000000100000000)
  region size 1024K, 3 young (3072K), 3 survivors (3072K)
 Metaspace       used 4678K, committed 4864K, reserved 393216K
  class space    used 596K, committed 704K, reserved 327680K
}
Event: 188.464 GC heap before
{Heap before GC invocations=2 (full 0):
 garbage-first heap   total 262144K, used 113556K [0x00000000e0000000, 0x0000000100000000)
  region size 1024K, 100 young (102400K), 3 survivors (3072K)
 Metaspace       used 18429K, committed 19008K, reserved 393216K
  class space    used 2558K, committed 2880K, reserved 327680K
}
Event: 188.575 GC heap after
{Heap after GC invocations=3 (full 0):
 garbage-first heap   total 262144K, used 22985K [0x00000000e0000000, 0x0000000100000000)
  region size 1024K, 11 young (11264K), 11 survivors (11264K)
 Metaspace       used 18429K, committed 19008K, reserved 393216K
  class space    used 2558K, committed 2880K, reserved 327680K
}
Event: 190.745 GC heap before
{Heap before GC invocations=3 (full 0):
 garbage-first heap   total 262144K, used 38345K [0x00000000e0000000, 0x0000000100000000)
  region size 1024K, 26 young (26624K), 11 survivors (11264K)
 Metaspace       used 20844K, committed 21504K, reserved 393216K
  class space    used 2859K, committed 3200K, reserved 327680K
}
Event: 190.767 GC heap after
{Heap after GC invocations=4 (full 0):
 garbage-first heap   total 262144K, used 25512K [0x00000000e0000000, 0x0000000100000000)
  region size 1024K, 2 young (2048K), 2 survivors (2048K)
 Metaspace       used 20844K, committed 21504K, reserved 393216K
  class space    used 2859K, committed 3200K, reserved 327680K
}
Event: 211.817 GC heap before
{Heap before GC invocations=5 (full 0):
 garbage-first heap   total 262144K, used 127912K [0x00000000e0000000, 0x0000000100000000)
  region size 1024K, 104 young (106496K), 2 survivors (2048K)
 Metaspace       used 34853K, committed 36160K, reserved 393216K
  class space    used 5002K, committed 5696K, reserved 327680K
}
Event: 211.828 GC heap after
{Heap after GC invocations=6 (full 0):
 garbage-first heap   total 262144K, used 30683K [0x00000000e0000000, 0x0000000100000000)
  region size 1024K, 8 young (8192K), 8 survivors (8192K)
 Metaspace       used 34853K, committed 36160K, reserved 393216K
  class space    used 5002K, committed 5696K, reserved 327680K
}
Event: 212.068 GC heap before
{Heap before GC invocations=6 (full 0):
 garbage-first heap   total 262144K, used 31707K [0x00000000e0000000, 0x0000000100000000)
  region size 1024K, 10 young (10240K), 8 survivors (8192K)
 Metaspace       used 35186K, committed 36480K, reserved 393216K
  class space    used 5027K, committed 5696K, reserved 327680K
}
Event: 212.081 GC heap after
{Heap after GC invocations=7 (full 0):
 garbage-first heap   total 262144K, used 30958K [0x00000000e0000000, 0x0000000100000000)
  region size 1024K, 8 young (8192K), 8 survivors (8192K)
 Metaspace       used 35186K, committed 36480K, reserved 393216K
  class space    used 5027K, committed 5696K, reserved 327680K
}
Event: 212.461 GC heap before
{Heap before GC invocations=7 (full 0):
 garbage-first heap   total 262144K, used 33006K [0x00000000e0000000, 0x0000000100000000)
  region size 1024K, 11 young (11264K), 8 survivors (8192K)
 Metaspace       used 35547K, committed 36800K, reserved 393216K
  class space    used 5073K, committed 5696K, reserved 327680K
}
Event: 212.471 GC heap after
{Heap after GC invocations=8 (full 0):
 garbage-first heap   total 262144K, used 31158K [0x00000000e0000000, 0x0000000100000000)
  region size 1024K, 8 young (8192K), 8 survivors (8192K)
 Metaspace       used 35547K, committed 36800K, reserved 393216K
  class space    used 5073K, committed 5696K, reserved 327680K
}

