# JRE version: OpenJDK Runtime Environment Temurin-21.0.12.1+1 (21.0.12.1+1) (build 21.0.12.1+1-LTS)
# Java VM: OpenJDK 64-Bit Server VM Temurin-21.0.12.1+1 (21.0.12.1+1-LTS, mixed mode, sharing, tiered, compressed oops, compressed class ptrs, g1 gc, windows-amd64)
GC Precious Log:
 CardTable entry size: 512
 Card Set container configuration: InlinePtr #cards 5 size 8 Array Of Cards #cards 12 size 40 Howl #buckets 4 coarsen threshold 1843 Howl Bitmap #cards 512 size 80 coarsen threshold 460 Card regions per heap region 1 cards per card region 2048
 CPUs: 16 total, 16 available
 Memory: 16066M
 Large Page Support: Disabled
 NUMA Support: Disabled
 Compressed Oops: Enabled (32-bit)
 Heap Region Size: 1M
 Heap Min Capacity: 256M
 Heap Initial Capacity: 256M
 Heap Max Capacity: 512M
 Pre-touch: Disabled
 Parallel Workers: 13
 Concurrent Workers: 3
 Concurrent Refinement Workers: 13
 Periodic GC: Disabled
Heap:
 garbage-first heap   total 262144K, used 90856K [0x00000000e0000000, 0x0000000100000000)
  region size 1024K, 69 young (70656K), 9 survivors (9216K)
 Metaspace       used 42141K, committed 43840K, reserved 393216K
  class space    used 6185K, committed 7040K, reserved 327680K
GC Heap History (14 events):
Event: 14.648 GC heap before
{Heap before GC invocations=0 (full 0):
 garbage-first heap   total 262144K, used 27648K [0x00000000e0000000, 0x0000000100000000)
  region size 1024K, 23 young (23552K), 0 survivors (0K)
 Metaspace       used 2797K, committed 2944K, reserved 393216K
  class space    used 323K, committed 384K, reserved 327680K
}
Event: 15.294 GC heap after
{Heap after GC invocations=1 (full 0):
 garbage-first heap   total 262144K, used 10655K [0x00000000e0000000, 0x0000000100000000)
  region size 1024K, 3 young (3072K), 3 survivors (3072K)
 Metaspace       used 2797K, committed 2944K, reserved 393216K
  class space    used 323K, committed 384K, reserved 327680K
}
Event: 37.310 GC heap before
{Heap before GC invocations=1 (full 0):
 garbage-first heap   total 262144K, used 40351K [0x00000000e0000000, 0x0000000100000000)
  region size 1024K, 31 young (31744K), 3 survivors (3072K)
 Metaspace       used 4756K, committed 4992K, reserved 393216K
  class space    used 595K, committed 704K, reserved 327680K
}
Event: 37.320 GC heap after
{Heap after GC invocations=2 (full 0):
 garbage-first heap   total 262144K, used 15205K [0x00000000e0000000, 0x0000000100000000)
  region size 1024K, 4 young (4096K), 4 survivors (4096K)
 Metaspace       used 4756K, committed 4992K, reserved 393216K
  class space    used 595K, committed 704K, reserved 327680K
}
Event: 110.517 GC heap before
{Heap before GC invocations=2 (full 0):
 garbage-first heap   total 262144K, used 95077K [0x00000000e0000000, 0x0000000100000000)
  region size 1024K, 82 young (83968K), 4 survivors (4096K)
 Metaspace       used 16416K, committed 16896K, reserved 393216K
  class space    used 2224K, committed 2432K, reserved 327680K
}
Event: 110.537 GC heap after
{Heap after GC invocations=3 (full 0):
 garbage-first heap   total 262144K, used 21922K [0x00000000e0000000, 0x0000000100000000)
  region size 1024K, 10 young (10240K), 10 survivors (10240K)
 Metaspace       used 16416K, committed 16896K, reserved 393216K
  class space    used 2224K, committed 2432K, reserved 327680K
}
Event: 113.474 GC heap before
{Heap before GC invocations=3 (full 0):
 garbage-first heap   total 262144K, used 52642K [0x00000000e0000000, 0x0000000100000000)
  region size 1024K, 40 young (40960K), 10 survivors (10240K)
 Metaspace       used 20841K, committed 21504K, reserved 393216K
  class space    used 2858K, committed 3200K, reserved 327680K
}
Event: 113.488 GC heap after
{Heap after GC invocations=4 (full 0):
 garbage-first heap   total 262144K, used 25379K [0x00000000e0000000, 0x0000000100000000)
  region size 1024K, 3 young (3072K), 3 survivors (3072K)
 Metaspace       used 20841K, committed 21504K, reserved 393216K
  class space    used 2858K, committed 3200K, reserved 327680K
}
Event: 150.902 GC heap before
{Heap before GC invocations=5 (full 0):
 garbage-first heap   total 262144K, used 129827K [0x00000000e0000000, 0x0000000100000000)
  region size 1024K, 107 young (109568K), 3 survivors (3072K)
 Metaspace       used 34724K, committed 35968K, reserved 393216K
  class space    used 5079K, committed 5696K, reserved 327680K
}
Event: 150.935 GC heap after
{Heap after GC invocations=6 (full 0):
 garbage-first heap   total 262144K, used 29790K [0x00000000e0000000, 0x0000000100000000)
  region size 1024K, 8 young (8192K), 8 survivors (8192K)
 Metaspace       used 34724K, committed 35968K, reserved 393216K
  class space    used 5079K, committed 5696K, reserved 327680K
}
Event: 151.275 GC heap before
{Heap before GC invocations=6 (full 0):
 garbage-first heap   total 262144K, used 30814K [0x00000000e0000000, 0x0000000100000000)
  region size 1024K, 10 young (10240K), 8 survivors (8192K)
 Metaspace       used 34991K, committed 36288K, reserved 393216K
  class space    used 5089K, committed 5760K, reserved 327680K
}
Event: 151.284 GC heap after
{Heap after GC invocations=7 (full 0):
 garbage-first heap   total 262144K, used 30031K [0x00000000e0000000, 0x0000000100000000)
  region size 1024K, 8 young (8192K), 8 survivors (8192K)
 Metaspace       used 34991K, committed 36288K, reserved 393216K
  class space    used 5089K, committed 5760K, reserved 327680K
}
Event: 152.222 GC heap before
{Heap before GC invocations=7 (full 0):
 garbage-first heap   total 262144K, used 33103K [0x00000000e0000000, 0x0000000100000000)
  region size 1024K, 12 young (12288K), 8 survivors (8192K)
 Metaspace       used 35339K, committed 36608K, reserved 393216K
  class space    used 5134K, committed 5760K, reserved 327680K
}
Event: 152.255 GC heap after
{Heap after GC invocations=8 (full 0):
 garbage-first heap   total 262144K, used 30440K [0x00000000e0000000, 0x0000000100000000)
  region size 1024K, 9 young (9216K), 9 survivors (9216K)
 Metaspace       used 35339K, committed 36608K, reserved 393216K
  class space    used 5134K, committed 5760K, reserved 327680K
}

