# JRE version: OpenJDK Runtime Environment Temurin-21.0.12.1+1 (21.0.12.1+1) (build 21.0.12.1+1-LTS)
# Java VM: OpenJDK 64-Bit Server VM Temurin-21.0.12.1+1 (21.0.12.1+1-LTS, mixed mode, sharing, tiered, compressed oops, compressed class ptrs, g1 gc, windows-amd64)
GC Precious Log:
 CardTable entry size: 512
 Card Set container configuration: InlinePtr #cards 5 size 8 Array Of Cards #cards 12 size 40 Howl #buckets 4 coarsen threshold 1843 Howl Bitmap #cards 512 size 80 coarsen threshold 460 Card regions per heap region 1 cards per card region 2048
 CPUs: 16 total, 16 available
 Memory: 16066M
 Large Page Support: Disabled
 NUMA Support: Disabled
 Compressed Oops: Enabled (32-bit)
 Heap Region Size: 1M
 Heap Min Capacity: 256M
 Heap Initial Capacity: 256M
 Heap Max Capacity: 512M
 Pre-touch: Disabled
 Parallel Workers: 13
 Concurrent Workers: 3
 Concurrent Refinement Workers: 13
 Periodic GC: Disabled
Heap:
 garbage-first heap   total 262144K, used 82209K [0x00000000e0000000, 0x0000000100000000)
  region size 1024K, 62 young (63488K), 18 survivors (18432K)
 Metaspace       used 52441K, committed 54464K, reserved 393216K
  class space    used 7866K, committed 8896K, reserved 327680K
GC Heap History (16 events):
Event: 30.646 GC heap before
{Heap before GC invocations=0 (full 0):
 garbage-first heap   total 262144K, used 26624K [0x00000000e0000000, 0x0000000100000000)
  region size 1024K, 23 young (23552K), 0 survivors (0K)
 Metaspace       used 2878K, committed 3008K, reserved 393216K
  class space    used 337K, committed 384K, reserved 327680K
}
Event: 30.657 GC heap after
{Heap after GC invocations=1 (full 0):
 garbage-first heap   total 262144K, used 11119K [0x00000000e0000000, 0x0000000100000000)
  region size 1024K, 3 young (3072K), 3 survivors (3072K)
 Metaspace       used 2878K, committed 3008K, reserved 393216K
  class space    used 337K, committed 384K, reserved 327680K
}
Event: 60.488 GC heap before
{Heap before GC invocations=1 (full 0):
 garbage-first heap   total 262144K, used 38767K [0x00000000e0000000, 0x0000000100000000)
  region size 1024K, 29 young (29696K), 3 survivors (3072K)
 Metaspace       used 4677K, committed 4864K, reserved 393216K
  class space    used 595K, committed 704K, reserved 327680K
}
Event: 60.497 GC heap after
{Heap after GC invocations=2 (full 0):
 garbage-first heap   total 262144K, used 14692K [0x00000000e0000000, 0x0000000100000000)
  region size 1024K, 3 young (3072K), 3 survivors (3072K)
 Metaspace       used 4677K, committed 4864K, reserved 393216K
  class space    used 595K, committed 704K, reserved 327680K
}
Event: 159.644 GC heap before
{Heap before GC invocations=2 (full 0):
 garbage-first heap   total 262144K, used 80228K [0x00000000e0000000, 0x0000000100000000)
  region size 1024K, 68 young (69632K), 3 survivors (3072K)
 Metaspace       used 14182K, committed 14592K, reserved 393216K
  class space    used 1914K, committed 2112K, reserved 327680K
}
Event: 159.779 GC heap after
{Heap after GC invocations=3 (full 0):
 garbage-first heap   total 262144K, used 21550K [0x00000000e0000000, 0x0000000100000000)
  region size 1024K, 9 young (9216K), 9 survivors (9216K)
 Metaspace       used 14182K, committed 14592K, reserved 393216K
  class space    used 1914K, committed 2112K, reserved 327680K
}
Event: 186.829 GC heap before
{Heap before GC invocations=3 (full 0):
 garbage-first heap   total 262144K, used 67630K [0x00000000e0000000, 0x0000000100000000)
  region size 1024K, 54 young (55296K), 9 survivors (9216K)
 Metaspace       used 20854K, committed 21504K, reserved 393216K
  class space    used 2859K, committed 3200K, reserved 327680K
}
Event: 186.846 GC heap after
{Heap after GC invocations=4 (full 0):
 garbage-first heap   total 262144K, used 25395K [0x00000000e0000000, 0x0000000100000000)
  region size 1024K, 3 young (3072K), 3 survivors (3072K)
 Metaspace       used 20854K, committed 21504K, reserved 393216K
  class space    used 2859K, committed 3200K, reserved 327680K
}
Event: 264.629 GC heap before
{Heap before GC invocations=5 (full 0):
 garbage-first heap   total 262144K, used 126771K [0x00000000e0000000, 0x0000000100000000)
  region size 1024K, 103 young (105472K), 3 survivors (3072K)
 Metaspace       used 33802K, committed 35136K, reserved 393216K
  class space    used 4948K, committed 5568K, reserved 327680K
}
Event: 264.648 GC heap after
{Heap after GC invocations=6 (full 0):
 garbage-first heap   total 262144K, used 29975K [0x00000000e0000000, 0x0000000100000000)
  region size 1024K, 9 young (9216K), 9 survivors (9216K)
 Metaspace       used 33802K, committed 35136K, reserved 393216K
  class space    used 4948K, committed 5568K, reserved 327680K
}
Event: 266.654 GC heap before
{Heap before GC invocations=6 (full 0):
 garbage-first heap   total 262144K, used 34071K [0x00000000e0000000, 0x0000000100000000)
  region size 1024K, 15 young (15360K), 9 survivors (9216K)
 Metaspace       used 34827K, committed 36160K, reserved 393216K
  class space    used 5006K, committed 5632K, reserved 327680K
}
Event: 266.665 GC heap after
{Heap after GC invocations=7 (full 0):
 garbage-first heap   total 262144K, used 29984K [0x00000000e0000000, 0x0000000100000000)
  region size 1024K, 9 young (9216K), 9 survivors (9216K)
 Metaspace       used 34827K, committed 36160K, reserved 393216K
  class space    used 5006K, committed 5632K, reserved 327680K
}
Event: 267.579 GC heap before
{Heap before GC invocations=7 (full 0):
 garbage-first heap   total 262144K, used 32032K [0x00000000e0000000, 0x0000000100000000)
  region size 1024K, 12 young (12288K), 9 survivors (9216K)
 Metaspace       used 35125K, committed 36480K, reserved 393216K
  class space    used 5038K, committed 5696K, reserved 327680K
}
Event: 267.589 GC heap after
{Heap after GC invocations=8 (full 0):
 garbage-first heap   total 262144K, used 30735K [0x00000000e0000000, 0x0000000100000000)
  region size 1024K, 10 young (10240K), 10 survivors (10240K)
 Metaspace       used 35125K, committed 36480K, reserved 393216K
  class space    used 5038K, committed 5696K, reserved 327680K
}
Event: 362.842 GC heap before
{Heap before GC invocations=9 (full 0):
 garbage-first heap   total 262144K, used 176143K [0x00000000e0000000, 0x0000000100000000)
  region size 1024K, 153 young (156672K), 10 survivors (10240K)
 Metaspace       used 48789K, committed 50624K, reserved 393216K
  class space    used 7240K, committed 8128K, reserved 327680K
}
Event: 362.868 GC heap after
{Heap after GC invocations=10 (full 0):
 garbage-first heap   total 262144K, used 39201K [0x00000000e0000000, 0x0000000100000000)
  region size 1024K, 18 young (18432K), 18 survivors (18432K)
 Metaspace       used 48789K, committed 50624K, reserved 393216K
  class space    used 7240K, committed 8128K, reserved 327680K
}

