# JRE version: OpenJDK Runtime Environment Temurin-21.0.12.1+1 (21.0.12.1+1) (build 21.0.12.1+1-LTS)
# Java VM: OpenJDK 64-Bit Server VM Temurin-21.0.12.1+1 (21.0.12.1+1-LTS, mixed mode, sharing, tiered, compressed oops, compressed class ptrs, parallel gc, windows-amd64)
GC Precious Log:
 CardTable entry size: 512
 CPUs: 16 total, 16 available
 Memory: 16066M
 Large Page Support: Disabled
 NUMA Support: Disabled
 Compressed Oops: Enabled (32-bit)
 Alignments: Space 512K, Generation 512K, Heap 2M
 Heap Min Capacity: 100M
 Heap Initial Capacity: 100M
 Heap Max Capacity: 2G
 Pre-touch: Disabled
 Parallel Workers: 13
Heap:
 PSYoungGen      total 11776K, used 11360K [0x00000000d5580000, 0x00000000d6280000, 0x0000000100000000)
  eden space 10752K, 100% used [0x00000000d5580000,0x00000000d6000000,0x00000000d6000000)
  from space 1024K, 59% used [0x00000000d6080000,0x00000000d6118000,0x00000000d6180000)
  to   space 1024K, 0% used [0x00000000d6180000,0x00000000d6180000,0x00000000d6280000)
 ParOldGen       total 505344K, used 504944K [0x0000000080000000, 0x000000009ed80000, 0x00000000d5580000)
  object space 505344K, 99% used [0x0000000080000000,0x000000009ed1c380,0x000000009ed80000)
 Metaspace       used 70416K, committed 71936K, reserved 1114112K
  class space    used 8196K, committed 8896K, reserved 1048576K
GC Heap History (20 events):
Event: 99.625 GC heap before
{Heap before GC invocations=593 (full 3):
 PSYoungGen      total 11776K, used 11386K [0x00000000d5580000, 0x00000000d6200000, 0x0000000100000000)
  eden space 10752K, 100% used [0x00000000d5580000,0x00000000d6000000,0x00000000d6000000)
  from space 1024K, 61% used [0x00000000d6000000,0x00000000d609e848,0x00000000d6100000)
  to   space 1024K, 0% used [0x00000000d6100000,0x00000000d6100000,0x00000000d6200000)
 ParOldGen       total 496640K, used 496335K [0x0000000080000000, 0x000000009e500000, 0x00000000d5580000)
  object space 496640K, 99% used [0x0000000080000000,0x000000009e4b3fc8,0x000000009e500000)
 Metaspace       used 67316K, committed 68736K, reserved 1114112K
  class space    used 7782K, committed 8384K, reserved 1048576K
}
Event: 99.629 GC heap after
{Heap after GC invocations=593 (full 3):
 PSYoungGen      total 11776K, used 532K [0x00000000d5580000, 0x00000000d6200000, 0x0000000100000000)
  eden space 10752K, 0% used [0x00000000d5580000,0x00000000d5580000,0x00000000d6000000)
  from space 1024K, 52% used [0x00000000d6100000,0x00000000d6185200,0x00000000d6200000)
  to   space 1024K, 0% used [0x00000000d6000000,0x00000000d6000000,0x00000000d6100000)
 ParOldGen       total 496640K, used 496575K [0x0000000080000000, 0x000000009e500000, 0x00000000d5580000)
  object space 496640K, 99% used [0x0000000080000000,0x000000009e4effc8,0x000000009e500000)
 Metaspace       used 67316K, committed 68736K, reserved 1114112K
  class space    used 7782K, committed 8384K, reserved 1048576K
}
Event: 99.910 GC heap before
{Heap before GC invocations=594 (full 3):
 PSYoungGen      total 11776K, used 11283K [0x00000000d5580000, 0x00000000d6200000, 0x0000000100000000)
  eden space 10752K, 99% used [0x00000000d5580000,0x00000000d5fffbd0,0x00000000d6000000)
  from space 1024K, 52% used [0x00000000d6100000,0x00000000d6185200,0x00000000d6200000)
  to   space 1024K, 0% used [0x00000000d6000000,0x00000000d6000000,0x00000000d6100000)
 ParOldGen       total 496640K, used 496575K [0x0000000080000000, 0x000000009e500000, 0x00000000d5580000)
  object space 496640K, 99% used [0x0000000080000000,0x000000009e4effc8,0x000000009e500000)
 Metaspace       used 68122K, committed 69632K, reserved 1114112K
  class space    used 7934K, committed 8576K, reserved 1048576K
}
Event: 99.914 GC heap after
{Heap after GC invocations=594 (full 3):
 PSYoungGen      total 11776K, used 512K [0x00000000d5580000, 0x00000000d6200000, 0x0000000100000000)
  eden space 10752K, 0% used [0x00000000d5580000,0x00000000d5580000,0x00000000d6000000)
  from space 1024K, 50% used [0x00000000d6000000,0x00000000d6080010,0x00000000d6100000)
  to   space 1024K, 0% used [0x00000000d6100000,0x00000000d6100000,0x00000000d6200000)
 ParOldGen       total 497152K, used 496828K [0x0000000080000000, 0x000000009e580000, 0x00000000d5580000)
  object space 497152K, 99% used [0x0000000080000000,0x000000009e52f1c8,0x000000009e580000)
 Metaspace       used 68122K, committed 69632K, reserved 1114112K
  class space    used 7934K, committed 8576K, reserved 1048576K
}
Event: 100.606 GC heap before
{Heap before GC invocations=595 (full 3):
 PSYoungGen      total 11776K, used 11264K [0x00000000d5580000, 0x00000000d6200000, 0x0000000100000000)
  eden space 10752K, 100% used [0x00000000d5580000,0x00000000d6000000,0x00000000d6000000)
  from space 1024K, 50% used [0x00000000d6000000,0x00000000d6080010,0x00000000d6100000)
  to   space 1024K, 0% used [0x00000000d6100000,0x00000000d6100000,0x00000000d6200000)
 ParOldGen       total 497152K, used 496828K [0x0000000080000000, 0x000000009e580000, 0x00000000d5580000)
  object space 497152K, 99% used [0x0000000080000000,0x000000009e52f1c8,0x000000009e580000)
 Metaspace       used 68808K, committed 70336K, reserved 1114112K
  class space    used 8024K, committed 8704K, reserved 1048576K
}
Event: 100.612 GC heap after
{Heap after GC invocations=595 (full 3):
 PSYoungGen      total 11776K, used 672K [0x00000000d5580000, 0x00000000d6200000, 0x0000000100000000)
  eden space 10752K, 0% used [0x00000000d5580000,0x00000000d5580000,0x00000000d6000000)
  from space 1024K, 65% used [0x00000000d6100000,0x00000000d61a8000,0x00000000d6200000)
  to   space 1024K, 0% used [0x00000000d6000000,0x00000000d6000000,0x00000000d6100000)
 ParOldGen       total 497664K, used 497172K [0x0000000080000000, 0x000000009e600000, 0x00000000d5580000)
  object space 497664K, 99% used [0x0000000080000000,0x000000009e5851e8,0x000000009e600000)
 Metaspace       used 68808K, committed 70336K, reserved 1114112K
  class space    used 8024K, committed 8704K, reserved 1048576K
}
Event: 101.340 GC heap before
{Heap before GC invocations=596 (full 3):
 PSYoungGen      total 11776K, used 11424K [0x00000000d5580000, 0x00000000d6200000, 0x0000000100000000)
  eden space 10752K, 100% used [0x00000000d5580000,0x00000000d6000000,0x00000000d6000000)
  from space 1024K, 65% used [0x00000000d6100000,0x00000000d61a8000,0x00000000d6200000)
  to   space 1024K, 0% used [0x00000000d6000000,0x00000000d6000000,0x00000000d6100000)
 ParOldGen       total 497664K, used 497172K [0x0000000080000000, 0x000000009e600000, 0x00000000d5580000)
  object space 497664K, 99% used [0x0000000080000000,0x000000009e5851e8,0x000000009e600000)
 Metaspace       used 68911K, committed 70400K, reserved 1114112K
  class space    used 8030K, committed 8704K, reserved 1048576K
}
Event: 101.349 GC heap after
{Heap after GC invocations=596 (full 3):
 PSYoungGen      total 11776K, used 1005K [0x00000000d5580000, 0x00000000d6700000, 0x0000000100000000)
  eden space 10752K, 0% used [0x00000000d5580000,0x00000000d5580000,0x00000000d6000000)
  from space 1024K, 98% used [0x00000000d6000000,0x00000000d60fb6c8,0x00000000d6100000)
  to   space 3584K, 0% used [0x00000000d6380000,0x00000000d6380000,0x00000000d6700000)
 ParOldGen       total 499200K, used 499133K [0x0000000080000000, 0x000000009e780000, 0x00000000d5580000)
  object space 499200K, 99% used [0x0000000080000000,0x000000009e76f5f0,0x000000009e780000)
 Metaspace       used 68911K, committed 70400K, reserved 1114112K
  class space    used 8030K, committed 8704K, reserved 1048576K
}
Event: 102.529 GC heap before
{Heap before GC invocations=597 (full 3):
 PSYoungGen      total 11776K, used 11757K [0x00000000d5580000, 0x00000000d6700000, 0x0000000100000000)
  eden space 10752K, 99% used [0x00000000d5580000,0x00000000d5fffd90,0x00000000d6000000)
  from space 1024K, 98% used [0x00000000d6000000,0x00000000d60fb6c8,0x00000000d6100000)
  to   space 3584K, 0% used [0x00000000d6380000,0x00000000d6380000,0x00000000d6700000)
 ParOldGen       total 499200K, used 499133K [0x0000000080000000, 0x000000009e780000, 0x00000000d5580000)
  object space 499200K, 99% used [0x0000000080000000,0x000000009e76f5f0,0x000000009e780000)
 Metaspace       used 69287K, committed 70848K, reserved 1114112K
  class space    used 8074K, committed 8768K, reserved 1048576K
}
Event: 102.535 GC heap after
{Heap after GC invocations=597 (full 3):
 PSYoungGen      total 13312K, used 2112K [0x00000000d5580000, 0x00000000d6600000, 0x0000000100000000)
  eden space 10752K, 0% used [0x00000000d5580000,0x00000000d5580000,0x00000000d6000000)
  from space 2560K, 82% used [0x00000000d6380000,0x00000000d6590000,0x00000000d6600000)
  to   space 2560K, 0% used [0x00000000d6100000,0x00000000d6100000,0x00000000d6380000)
 ParOldGen       total 500224K, used 499944K [0x0000000080000000, 0x000000009e880000, 0x00000000d5580000)
  object space 500224K, 99% used [0x0000000080000000,0x000000009e83a080,0x000000009e880000)
 Metaspace       used 69287K, committed 70848K, reserved 1114112K
  class space    used 8074K, committed 8768K, reserved 1048576K
}
Event: 103.352 GC heap before
{Heap before GC invocations=598 (full 3):
 PSYoungGen      total 13312K, used 12864K [0x00000000d5580000, 0x00000000d6600000, 0x0000000100000000)
  eden space 10752K, 100% used [0x00000000d5580000,0x00000000d6000000,0x00000000d6000000)
  from space 2560K, 82% used [0x00000000d6380000,0x00000000d6590000,0x00000000d6600000)
  to   space 2560K, 0% used [0x00000000d6100000,0x00000000d6100000,0x00000000d6380000)
 ParOldGen       total 500224K, used 499944K [0x0000000080000000, 0x000000009e880000, 0x00000000d5580000)
  object space 500224K, 99% used [0x0000000080000000,0x000000009e83a080,0x000000009e880000)
 Metaspace       used 70003K, committed 71488K, reserved 1114112K
  class space    used 8159K, committed 8832K, reserved 1048576K
}
Event: 103.359 GC heap after
{Heap after GC invocations=598 (full 3):
 PSYoungGen      total 12288K, used 1510K [0x00000000d5580000, 0x00000000d6400000, 0x0000000100000000)
  eden space 10752K, 0% used [0x00000000d5580000,0x00000000d5580000,0x00000000d6000000)
  from space 1536K, 98% used [0x00000000d6100000,0x00000000d6279878,0x00000000d6280000)
  to   space 1536K, 0% used [0x00000000d6280000,0x00000000d6280000,0x00000000d6400000)
 ParOldGen       total 502272K, used 501772K [0x0000000080000000, 0x000000009ea80000, 0x00000000d5580000)
  object space 502272K, 99% used [0x0000000080000000,0x000000009ea030a0,0x000000009ea80000)
 Metaspace       used 70003K, committed 71488K, reserved 1114112K
  class space    used 8159K, committed 8832K, reserved 1048576K
}
Event: 104.785 GC heap before
{Heap before GC invocations=599 (full 3):
 PSYoungGen      total 12288K, used 12262K [0x00000000d5580000, 0x00000000d6400000, 0x0000000100000000)
  eden space 10752K, 100% used [0x00000000d5580000,0x00000000d6000000,0x00000000d6000000)
  from space 1536K, 98% used [0x00000000d6100000,0x00000000d6279878,0x00000000d6280000)
  to   space 1536K, 0% used [0x00000000d6280000,0x00000000d6280000,0x00000000d6400000)
 ParOldGen       total 502272K, used 501772K [0x0000000080000000, 0x000000009ea80000, 0x00000000d5580000)
  object space 502272K, 99% used [0x0000000080000000,0x000000009ea030a0,0x000000009ea80000)
 Metaspace       used 70071K, committed 71616K, reserved 1114112K
  class space    used 8159K, committed 8832K, reserved 1048576K
}
Event: 104.790 GC heap after
{Heap after GC invocations=599 (full 3):
 PSYoungGen      total 11776K, used 944K [0x00000000d5580000, 0x00000000d6380000, 0x0000000100000000)
  eden space 10752K, 0% used [0x00000000d5580000,0x00000000d5580000,0x00000000d6000000)
  from space 1024K, 92% used [0x00000000d6280000,0x00000000d636c030,0x00000000d6380000)
  to   space 1536K, 0% used [0x00000000d6080000,0x00000000d6080000,0x00000000d6200000)
 ParOldGen       total 503296K, used 502970K [0x0000000080000000, 0x000000009eb80000, 0x00000000d5580000)
  object space 503296K, 99% used [0x0000000080000000,0x000000009eb2e9a8,0x000000009eb80000)
 Metaspace       used 70071K, committed 71616K, reserved 1114112K
  class space    used 8159K, committed 8832K, reserved 1048576K
}
Event: 106.158 GC heap before
{Heap before GC invocations=600 (full 3):
 PSYoungGen      total 11776K, used 11696K [0x00000000d5580000, 0x00000000d6380000, 0x0000000100000000)
  eden space 10752K, 100% used [0x00000000d5580000,0x00000000d6000000,0x00000000d6000000)
  from space 1024K, 92% used [0x00000000d6280000,0x00000000d636c030,0x00000000d6380000)
  to   space 1536K, 0% used [0x00000000d6080000,0x00000000d6080000,0x00000000d6200000)
 ParOldGen       total 503296K, used 502970K [0x0000000080000000, 0x000000009eb80000, 0x00000000d5580000)
  object space 503296K, 99% used [0x0000000080000000,0x000000009eb2e9a8,0x000000009eb80000)
 Metaspace       used 70150K, committed 71680K, reserved 1114112K
  class space    used 8171K, committed 8896K, reserved 1048576K
}
Event: 106.161 GC heap after
{Heap after GC invocations=600 (full 3):
 PSYoungGen      total 12288K, used 838K [0x00000000d5580000, 0x00000000d6300000, 0x0000000100000000)
  eden space 10752K, 0% used [0x00000000d5580000,0x00000000d5580000,0x00000000d6000000)
  from space 1536K, 54% used [0x00000000d6080000,0x00000000d6151878,0x00000000d6200000)
  to   space 1024K, 0% used [0x00000000d6200000,0x00000000d6200000,0x00000000d6300000)
 ParOldGen       total 503808K, used 503462K [0x0000000080000000, 0x000000009ec00000, 0x00000000d5580000)
  object space 503808K, 99% used [0x0000000080000000,0x000000009eba9aa8,0x000000009ec00000)
 Metaspace       used 70150K, committed 71680K, reserved 1114112K
  class space    used 8171K, committed 8896K, reserved 1048576K
}
Event: 107.109 GC heap before
{Heap before GC invocations=601 (full 3):
 PSYoungGen      total 12288K, used 11590K [0x00000000d5580000, 0x00000000d6300000, 0x0000000100000000)
  eden space 10752K, 100% used [0x00000000d5580000,0x00000000d6000000,0x00000000d6000000)
  from space 1536K, 54% used [0x00000000d6080000,0x00000000d6151878,0x00000000d6200000)
  to   space 1024K, 0% used [0x00000000d6200000,0x00000000d6200000,0x00000000d6300000)
 ParOldGen       total 503808K, used 503462K [0x0000000080000000, 0x000000009ec00000, 0x00000000d5580000)
  object space 503808K, 99% used [0x0000000080000000,0x000000009eba9aa8,0x000000009ec00000)
 Metaspace       used 70234K, committed 71808K, reserved 1114112K
  class space    used 8177K, committed 8896K, reserved 1048576K
}
Event: 107.113 GC heap after
{Heap after GC invocations=601 (full 3):
 PSYoungGen      total 11776K, used 1024K [0x00000000d5580000, 0x00000000d6300000, 0x0000000100000000)
  eden space 10752K, 0% used [0x00000000d5580000,0x00000000d5580000,0x00000000d6000000)
  from space 1024K, 100% used [0x00000000d6200000,0x00000000d6300000,0x00000000d6300000)
  to   space 1536K, 0% used [0x00000000d6080000,0x00000000d6080000,0x00000000d6200000)
 ParOldGen       total 504320K, used 504188K [0x0000000080000000, 0x000000009ec80000, 0x00000000d5580000)
  object space 504320K, 99% used [0x0000000080000000,0x000000009ec5f360,0x000000009ec80000)
 Metaspace       used 70234K, committed 71808K, reserved 1114112K
  class space    used 8177K, committed 8896K, reserved 1048576K
}
Event: 108.973 GC heap before
{Heap before GC invocations=602 (full 3):
 PSYoungGen      total 11776K, used 11776K [0x00000000d5580000, 0x00000000d6300000, 0x0000000100000000)
  eden space 10752K, 100% used [0x00000000d5580000,0x00000000d6000000,0x00000000d6000000)
  from space 1024K, 100% used [0x00000000d6200000,0x00000000d6300000,0x00000000d6300000)
  to   space 1536K, 0% used [0x00000000d6080000,0x00000000d6080000,0x00000000d6200000)
 ParOldGen       total 504320K, used 504188K [0x0000000080000000, 0x000000009ec80000, 0x00000000d5580000)
  object space 504320K, 99% used [0x0000000080000000,0x000000009ec5f360,0x000000009ec80000)
 Metaspace       used 70326K, committed 71872K, reserved 1114112K
  class space    used 8185K, committed 8896K, reserved 1048576K
}
Event: 108.980 GC heap after
{Heap after GC invocations=602 (full 3):
 PSYoungGen      total 11776K, used 608K [0x00000000d5580000, 0x00000000d6280000, 0x0000000100000000)
  eden space 10752K, 0% used [0x00000000d5580000,0x00000000d5580000,0x00000000d6000000)
  from space 1024K, 59% used [0x00000000d6080000,0x00000000d6118000,0x00000000d6180000)
  to   space 1024K, 0% used [0x00000000d6180000,0x00000000d6180000,0x00000000d6280000)
 ParOldGen       total 505344K, used 504944K [0x0000000080000000, 0x000000009ed80000, 0x00000000d5580000)
  object space 505344K, 99% used [0x0000000080000000,0x000000009ed1c380,0x000000009ed80000)
 Metaspace       used 70326K, committed 71872K, reserved 1114112K
  class space    used 8185K, committed 8896K, reserved 1048576K
}

