# JRE version: OpenJDK Runtime Environment Temurin-21.0.12.1+1 (21.0.12.1+1) (build 21.0.12.1+1-LTS)
# Java VM: OpenJDK 64-Bit Server VM Temurin-21.0.12.1+1 (21.0.12.1+1-LTS, mixed mode, sharing, tiered, compressed oops, compressed class ptrs, g1 gc, windows-amd64)
GC Precious Log:
 CardTable entry size: 512
 Card Set container configuration: InlinePtr #cards 5 size 8 Array Of Cards #cards 12 size 40 Howl #buckets 4 coarsen threshold 1843 Howl Bitmap #cards 512 size 80 coarsen threshold 460 Card regions per heap region 1 cards per card region 2048
 CPUs: 16 total, 16 available
 Memory: 16066M
 Large Page Support: Disabled
 NUMA Support: Disabled
 Compressed Oops: Enabled (32-bit)
 Heap Region Size: 1M
 Heap Min Capacity: 256M
 Heap Initial Capacity: 256M
 Heap Max Capacity: 512M
 Pre-touch: Disabled
 Parallel Workers: 13
 Concurrent Workers: 3
 Concurrent Refinement Workers: 13
 Periodic GC: Disabled
Heap:
 garbage-first heap   total 262144K, used 97607K [0x00000000e0000000, 0x0000000100000000)
  region size 1024K, 75 young (76800K), 8 survivors (8192K)
 Metaspace       used 42533K, committed 44288K, reserved 393216K
  class space    used 6257K, committed 7104K, reserved 327680K
GC Heap History (12 events):
Event: 80.597 GC heap before
{Heap before GC invocations=0 (full 0):
 garbage-first heap   total 262144K, used 26624K [0x00000000e0000000, 0x0000000100000000)
  region size 1024K, 23 young (23552K), 0 survivors (0K)
 Metaspace       used 2915K, committed 3072K, reserved 393216K
  class space    used 345K, committed 384K, reserved 327680K
}
Event: 80.746 GC heap after
{Heap after GC invocations=1 (full 0):
 garbage-first heap   total 262144K, used 10811K [0x00000000e0000000, 0x0000000100000000)
  region size 1024K, 3 young (3072K), 3 survivors (3072K)
 Metaspace       used 2915K, committed 3072K, reserved 393216K
  class space    used 345K, committed 384K, reserved 327680K
}
Event: 147.507 GC heap before
{Heap before GC invocations=1 (full 0):
 garbage-first heap   total 262144K, used 40507K [0x00000000e0000000, 0x0000000100000000)
  region size 1024K, 31 young (31744K), 3 survivors (3072K)
 Metaspace       used 4777K, committed 4992K, reserved 393216K
  class space    used 601K, committed 704K, reserved 327680K
}
Event: 147.523 GC heap after
{Heap after GC invocations=2 (full 0):
 garbage-first heap   total 262144K, used 15273K [0x00000000e0000000, 0x0000000100000000)
  region size 1024K, 4 young (4096K), 4 survivors (4096K)
 Metaspace       used 4777K, committed 4992K, reserved 393216K
  class space    used 601K, committed 704K, reserved 327680K
}
Event: 227.270 GC heap before
{Heap before GC invocations=2 (full 0):
 garbage-first heap   total 262144K, used 87977K [0x00000000e0000000, 0x0000000100000000)
  region size 1024K, 75 young (76800K), 4 survivors (4096K)
 Metaspace       used 15800K, committed 16256K, reserved 393216K
  class space    used 2150K, committed 2368K, reserved 327680K
}
Event: 227.471 GC heap after
{Heap after GC invocations=3 (full 0):
 garbage-first heap   total 262144K, used 21993K [0x00000000e0000000, 0x0000000100000000)
  region size 1024K, 10 young (10240K), 10 survivors (10240K)
 Metaspace       used 15800K, committed 16256K, reserved 393216K
  class space    used 2150K, committed 2368K, reserved 327680K
}
Event: 255.260 GC heap before
{Heap before GC invocations=3 (full 0):
 garbage-first heap   total 262144K, used 56809K [0x00000000e0000000, 0x0000000100000000)
  region size 1024K, 44 young (45056K), 10 survivors (10240K)
 Metaspace       used 20838K, committed 21504K, reserved 393216K
  class space    used 2860K, committed 3200K, reserved 327680K
}
Event: 255.279 GC heap after
{Heap after GC invocations=4 (full 0):
 garbage-first heap   total 262144K, used 25608K [0x00000000e0000000, 0x0000000100000000)
  region size 1024K, 3 young (3072K), 3 survivors (3072K)
 Metaspace       used 20838K, committed 21504K, reserved 393216K
  class space    used 2860K, committed 3200K, reserved 327680K
}
Event: 305.508 GC heap before
{Heap before GC invocations=5 (full 0):
 garbage-first heap   total 262144K, used 124936K [0x00000000e0000000, 0x0000000100000000)
  region size 1024K, 100 young (102400K), 3 survivors (3072K)
 Metaspace       used 33605K, committed 34944K, reserved 393216K
  class space    used 4977K, committed 5632K, reserved 327680K
}
Event: 305.525 GC heap after
{Heap after GC invocations=6 (full 0):
 garbage-first heap   total 262144K, used 29533K [0x00000000e0000000, 0x0000000100000000)
  region size 1024K, 8 young (8192K), 8 survivors (8192K)
 Metaspace       used 33605K, committed 34944K, reserved 393216K
  class space    used 4977K, committed 5632K, reserved 327680K
}
Event: 307.558 GC heap before
{Heap before GC invocations=6 (full 0):
 garbage-first heap   total 262144K, used 34653K [0x00000000e0000000, 0x0000000100000000)
  region size 1024K, 15 young (15360K), 8 survivors (8192K)
 Metaspace       used 34782K, committed 36096K, reserved 393216K
  class space    used 5078K, committed 5696K, reserved 327680K
}
Event: 307.572 GC heap after
{Heap after GC invocations=7 (full 0):
 garbage-first heap   total 262144K, used 30023K [0x00000000e0000000, 0x0000000100000000)
  region size 1024K, 8 young (8192K), 8 survivors (8192K)
 Metaspace       used 34782K, committed 36096K, reserved 393216K
  class space    used 5078K, committed 5696K, reserved 327680K
}

