# JRE version: OpenJDK Runtime Environment Temurin-21.0.12.1+1 (21.0.12.1+1) (build 21.0.12.1+1-LTS)
# Java VM: OpenJDK 64-Bit Server VM Temurin-21.0.12.1+1 (21.0.12.1+1-LTS, mixed mode, sharing, tiered, compressed oops, compressed class ptrs, g1 gc, windows-amd64)
GC Precious Log:
 CardTable entry size: 512
 Card Set container configuration: InlinePtr #cards 5 size 8 Array Of Cards #cards 12 size 40 Howl #buckets 4 coarsen threshold 1843 Howl Bitmap #cards 512 size 80 coarsen threshold 460 Card regions per heap region 1 cards per card region 2048
 CPUs: 16 total, 16 available
 Memory: 16066M
 Large Page Support: Disabled
 NUMA Support: Disabled
 Compressed Oops: Enabled (32-bit)
 Heap Region Size: 1M
 Heap Min Capacity: 256M
 Heap Initial Capacity: 256M
 Heap Max Capacity: 512M
 Pre-touch: Disabled
 Parallel Workers: 13
 Concurrent Workers: 3
 Concurrent Refinement Workers: 13
 Periodic GC: Disabled
Heap:
 garbage-first heap   total 262144K, used 116749K [0x00000000e0000000, 0x0000000100000000)
  region size 1024K, 75 young (76800K), 16 survivors (16384K)
 Metaspace       used 67954K, committed 70336K, reserved 393216K
  class space    used 10043K, committed 11200K, reserved 327680K
GC Heap History (20 events):
Event: 6.007 GC heap before
{Heap before GC invocations=1 (full 0):
 garbage-first heap   total 262144K, used 39595K [0x00000000e0000000, 0x0000000100000000)
  region size 1024K, 30 young (30720K), 3 survivors (3072K)
 Metaspace       used 4714K, committed 4928K, reserved 393216K
  class space    used 594K, committed 704K, reserved 327680K
}
Event: 6.013 GC heap after
{Heap after GC invocations=2 (full 0):
 garbage-first heap   total 262144K, used 15119K [0x00000000e0000000, 0x0000000100000000)
  region size 1024K, 3 young (3072K), 3 survivors (3072K)
 Metaspace       used 4714K, committed 4928K, reserved 393216K
  class space    used 594K, committed 704K, reserved 327680K
}
Event: 12.165 GC heap before
{Heap before GC invocations=2 (full 0):
 garbage-first heap   total 262144K, used 84751K [0x00000000e0000000, 0x0000000100000000)
  region size 1024K, 72 young (73728K), 3 survivors (3072K)
 Metaspace       used 16069K, committed 16576K, reserved 393216K
  class space    used 2197K, committed 2432K, reserved 327680K
}
Event: 12.203 GC heap after
{Heap after GC invocations=3 (full 0):
 garbage-first heap   total 262144K, used 22012K [0x00000000e0000000, 0x0000000100000000)
  region size 1024K, 9 young (9216K), 9 survivors (9216K)
 Metaspace       used 16069K, committed 16576K, reserved 393216K
  class space    used 2197K, committed 2432K, reserved 327680K
}
Event: 14.894 GC heap before
{Heap before GC invocations=3 (full 0):
 garbage-first heap   total 262144K, used 54780K [0x00000000e0000000, 0x0000000100000000)
  region size 1024K, 42 young (43008K), 9 survivors (9216K)
 Metaspace       used 20901K, committed 21504K, reserved 393216K
  class space    used 2976K, committed 3264K, reserved 327680K
}
Event: 14.909 GC heap after
{Heap after GC invocations=4 (full 0):
 garbage-first heap   total 262144K, used 25187K [0x00000000e0000000, 0x0000000100000000)
  region size 1024K, 3 young (3072K), 3 survivors (3072K)
 Metaspace       used 20901K, committed 21504K, reserved 393216K
  class space    used 2976K, committed 3264K, reserved 327680K
}
Event: 21.662 GC heap before
{Heap before GC invocations=5 (full 0):
 garbage-first heap   total 262144K, used 128611K [0x00000000e0000000, 0x0000000100000000)
  region size 1024K, 104 young (106496K), 3 survivors (3072K)
 Metaspace       used 34588K, committed 35968K, reserved 393216K
  class space    used 5172K, committed 5824K, reserved 327680K
}
Event: 21.680 GC heap after
{Heap after GC invocations=6 (full 0):
 garbage-first heap   total 262144K, used 30333K [0x00000000e0000000, 0x0000000100000000)
  region size 1024K, 8 young (8192K), 8 survivors (8192K)
 Metaspace       used 34588K, committed 35968K, reserved 393216K
  class space    used 5172K, committed 5824K, reserved 327680K
}
Event: 21.886 GC heap before
{Heap before GC invocations=6 (full 0):
 garbage-first heap   total 262144K, used 32381K [0x00000000e0000000, 0x0000000100000000)
  region size 1024K, 11 young (11264K), 8 survivors (8192K)
 Metaspace       used 34938K, committed 36288K, reserved 393216K
  class space    used 5225K, committed 5888K, reserved 327680K
}
Event: 21.897 GC heap after
{Heap after GC invocations=7 (full 0):
 garbage-first heap   total 262144K, used 30422K [0x00000000e0000000, 0x0000000100000000)
  region size 1024K, 8 young (8192K), 8 survivors (8192K)
 Metaspace       used 34938K, committed 36288K, reserved 393216K
  class space    used 5225K, committed 5888K, reserved 327680K
}
Event: 22.078 GC heap before
{Heap before GC invocations=7 (full 0):
 garbage-first heap   total 262144K, used 32470K [0x00000000e0000000, 0x0000000100000000)
  region size 1024K, 12 young (12288K), 8 survivors (8192K)
 Metaspace       used 35267K, committed 36608K, reserved 393216K
  class space    used 5275K, committed 5952K, reserved 327680K
}
Event: 22.089 GC heap after
{Heap after GC invocations=8 (full 0):
 garbage-first heap   total 262144K, used 31973K [0x00000000e0000000, 0x0000000100000000)
  region size 1024K, 10 young (10240K), 10 survivors (10240K)
 Metaspace       used 35267K, committed 36608K, reserved 393216K
  class space    used 5275K, committed 5952K, reserved 327680K
}
Event: 36.381 GC heap before
{Heap before GC invocations=9 (full 0):
 garbage-first heap   total 262144K, used 177381K [0x00000000e0000000, 0x0000000100000000)
  region size 1024K, 153 young (156672K), 10 survivors (10240K)
 Metaspace       used 54626K, committed 56576K, reserved 393216K
  class space    used 8096K, committed 9024K, reserved 327680K
}
Event: 36.427 GC heap after
{Heap after GC invocations=10 (full 0):
 garbage-first heap   total 262144K, used 42667K [0x00000000e0000000, 0x0000000100000000)
  region size 1024K, 20 young (20480K), 20 survivors (20480K)
 Metaspace       used 54626K, committed 56576K, reserved 393216K
  class space    used 8096K, committed 9024K, reserved 327680K
}
Event: 43.745 GC heap before
{Heap before GC invocations=10 (full 0):
 garbage-first heap   total 262144K, used 96939K [0x00000000e0000000, 0x0000000100000000)
  region size 1024K, 75 young (76800K), 20 survivors (20480K)
 Metaspace       used 59382K, committed 61440K, reserved 393216K
  class space    used 8765K, committed 9792K, reserved 327680K
}
Event: 43.780 GC heap after
{Heap after GC invocations=11 (full 0):
 garbage-first heap   total 262144K, used 46854K [0x00000000e0000000, 0x0000000100000000)
  region size 1024K, 5 young (5120K), 5 survivors (5120K)
 Metaspace       used 59382K, committed 61440K, reserved 393216K
  class space    used 8765K, committed 9792K, reserved 327680K
}
Event: 48.590 GC heap before
{Heap before GC invocations=11 (full 0):
 garbage-first heap   total 262144K, used 51974K [0x00000000e0000000, 0x0000000100000000)
  region size 1024K, 11 young (11264K), 5 survivors (5120K)
 Metaspace       used 59717K, committed 61760K, reserved 393216K
  class space    used 8825K, committed 9856K, reserved 327680K
}
Event: 48.595 GC heap after
{Heap after GC invocations=12 (full 0):
 garbage-first heap   total 262144K, used 46951K [0x00000000e0000000, 0x0000000100000000)
  region size 1024K, 6 young (6144K), 6 survivors (6144K)
 Metaspace       used 59717K, committed 61760K, reserved 393216K
  class space    used 8825K, committed 9856K, reserved 327680K
}
Event: 75.430 GC heap before
{Heap before GC invocations=13 (full 0):
 garbage-first heap   total 262144K, used 197479K [0x00000000e0000000, 0x0000000100000000)
  region size 1024K, 153 young (156672K), 6 survivors (6144K)
 Metaspace       used 67304K, committed 69696K, reserved 393216K
  class space    used 10025K, committed 11200K, reserved 327680K
}
Event: 75.443 GC heap after
{Heap after GC invocations=14 (full 0):
 garbage-first heap   total 262144K, used 57357K [0x00000000e0000000, 0x0000000100000000)
  region size 1024K, 16 young (16384K), 16 survivors (16384K)
 Metaspace       used 67304K, committed 69696K, reserved 393216K
  class space    used 10025K, committed 11200K, reserved 327680K
}

