# JRE version: OpenJDK Runtime Environment Temurin-21.0.12.1+1 (21.0.12.1+1) (build 21.0.12.1+1-LTS)
# Java VM: OpenJDK 64-Bit Server VM Temurin-21.0.12.1+1 (21.0.12.1+1-LTS, mixed mode, sharing, tiered, compressed oops, compressed class ptrs, g1 gc, windows-amd64)
GC Precious Log:
 CardTable entry size: 512
 Card Set container configuration: InlinePtr #cards 5 size 8 Array Of Cards #cards 12 size 40 Howl #buckets 4 coarsen threshold 1843 Howl Bitmap #cards 512 size 80 coarsen threshold 460 Card regions per heap region 1 cards per card region 2048
 CPUs: 16 total, 16 available
 Memory: 16066M
 Large Page Support: Disabled
 NUMA Support: Disabled
 Compressed Oops: Enabled (32-bit)
 Heap Region Size: 1M
 Heap Min Capacity: 256M
 Heap Initial Capacity: 256M
 Heap Max Capacity: 512M
 Pre-touch: Disabled
 Parallel Workers: 13
 Concurrent Workers: 3
 Concurrent Refinement Workers: 13
 Periodic GC: Disabled
Heap:
 garbage-first heap   total 262144K, used 88757K [0x00000000e0000000, 0x0000000100000000)
  region size 1024K, 50 young (51200K), 12 survivors (12288K)
 Metaspace       used 60501K, committed 62720K, reserved 393216K
  class space    used 9081K, committed 10176K, reserved 327680K
GC Heap History (14 events):
Event: 8.915 GC heap before
{Heap before GC invocations=0 (full 0):
 garbage-first heap   total 262144K, used 26624K [0x00000000e0000000, 0x0000000100000000)
  region size 1024K, 23 young (23552K), 0 survivors (0K)
 Metaspace       used 3113K, committed 3328K, reserved 393216K
  class space    used 377K, committed 448K, reserved 327680K
}
Event: 8.937 GC heap after
{Heap after GC invocations=1 (full 0):
 garbage-first heap   total 262144K, used 11021K [0x00000000e0000000, 0x0000000100000000)
  region size 1024K, 3 young (3072K), 3 survivors (3072K)
 Metaspace       used 3113K, committed 3328K, reserved 393216K
  class space    used 377K, committed 448K, reserved 327680K
}
Event: 21.060 GC heap before
{Heap before GC invocations=1 (full 0):
 garbage-first heap   total 262144K, used 40717K [0x00000000e0000000, 0x0000000100000000)
  region size 1024K, 30 young (30720K), 3 survivors (3072K)
 Metaspace       used 4731K, committed 4928K, reserved 393216K
  class space    used 594K, committed 704K, reserved 327680K
}
Event: 21.075 GC heap after
{Heap after GC invocations=2 (full 0):
 garbage-first heap   total 262144K, used 15953K [0x00000000e0000000, 0x0000000100000000)
  region size 1024K, 4 young (4096K), 4 survivors (4096K)
 Metaspace       used 4731K, committed 4928K, reserved 393216K
  class space    used 594K, committed 704K, reserved 327680K
}
Event: 38.640 GC heap before
{Heap before GC invocations=2 (full 0):
 garbage-first heap   total 262144K, used 120401K [0x00000000e0000000, 0x0000000100000000)
  region size 1024K, 107 young (109568K), 4 survivors (4096K)
 Metaspace       used 20882K, committed 21504K, reserved 393216K
  class space    used 2981K, committed 3264K, reserved 327680K
}
Event: 38.674 GC heap after
{Heap after GC invocations=3 (full 0):
 garbage-first heap   total 262144K, used 23886K [0x00000000e0000000, 0x0000000100000000)
  region size 1024K, 12 young (12288K), 12 survivors (12288K)
 Metaspace       used 20882K, committed 21504K, reserved 393216K
  class space    used 2981K, committed 3264K, reserved 327680K
}
Event: 56.564 GC heap before
{Heap before GC invocations=4 (full 0):
 garbage-first heap   total 262144K, used 129358K [0x00000000e0000000, 0x0000000100000000)
  region size 1024K, 115 young (117760K), 12 survivors (12288K)
 Metaspace       used 34599K, committed 35968K, reserved 393216K
  class space    used 5167K, committed 5888K, reserved 327680K
}
Event: 56.588 GC heap after
{Heap after GC invocations=5 (full 0):
 garbage-first heap   total 262144K, used 30131K [0x00000000e0000000, 0x0000000100000000)
  region size 1024K, 14 young (14336K), 14 survivors (14336K)
 Metaspace       used 34599K, committed 35968K, reserved 393216K
  class space    used 5167K, committed 5888K, reserved 327680K
}
Event: 70.724 GC heap before
{Heap before GC invocations=6 (full 0):
 garbage-first heap   total 262144K, used 165299K [0x00000000e0000000, 0x0000000100000000)
  region size 1024K, 147 young (150528K), 14 survivors (14336K)
 Metaspace       used 49822K, committed 51776K, reserved 393216K
  class space    used 7468K, committed 8448K, reserved 327680K
}
Event: 70.756 GC heap after
{Heap after GC invocations=7 (full 0):
 garbage-first heap   total 262144K, used 41279K [0x00000000e0000000, 0x0000000100000000)
  region size 1024K, 17 young (17408K), 17 survivors (17408K)
 Metaspace       used 49822K, committed 51776K, reserved 393216K
  class space    used 7468K, committed 8448K, reserved 327680K
}
Event: 78.269 GC heap before
{Heap before GC invocations=7 (full 0):
 garbage-first heap   total 262144K, used 168255K [0x00000000e0000000, 0x0000000100000000)
  region size 1024K, 143 young (146432K), 17 survivors (17408K)
 Metaspace       used 57983K, committed 60096K, reserved 393216K
  class space    used 8788K, committed 9856K, reserved 327680K
}
Event: 78.297 GC heap after
{Heap after GC invocations=8 (full 0):
 garbage-first heap   total 262144K, used 50161K [0x00000000e0000000, 0x0000000100000000)
  region size 1024K, 20 young (20480K), 20 survivors (20480K)
 Metaspace       used 57983K, committed 60096K, reserved 393216K
  class space    used 8788K, committed 9856K, reserved 327680K
}
Event: 78.650 GC heap before
{Heap before GC invocations=8 (full 0):
 garbage-first heap   total 262144K, used 52209K [0x00000000e0000000, 0x0000000100000000)
  region size 1024K, 23 young (23552K), 20 survivors (20480K)
 Metaspace       used 58332K, committed 60416K, reserved 393216K
  class space    used 8839K, committed 9856K, reserved 327680K
}
Event: 78.680 GC heap after
{Heap after GC invocations=9 (full 0):
 garbage-first heap   total 262144K, used 51893K [0x00000000e0000000, 0x0000000100000000)
  region size 1024K, 12 young (12288K), 12 survivors (12288K)
 Metaspace       used 58332K, committed 60416K, reserved 393216K
  class space    used 8839K, committed 9856K, reserved 327680K
}

