# JRE version: OpenJDK Runtime Environment Temurin-21.0.12.1+1 (21.0.12.1+1) (build 21.0.12.1+1-LTS)
# Java VM: OpenJDK 64-Bit Server VM Temurin-21.0.12.1+1 (21.0.12.1+1-LTS, mixed mode, sharing, tiered, compressed oops, compressed class ptrs, g1 gc, windows-amd64)
GC Precious Log:
 CardTable entry size: 512
 Card Set container configuration: InlinePtr #cards 5 size 8 Array Of Cards #cards 12 size 40 Howl #buckets 4 coarsen threshold 1843 Howl Bitmap #cards 512 size 80 coarsen threshold 460 Card regions per heap region 1 cards per card region 2048
 CPUs: 16 total, 16 available
 Memory: 16066M
 Large Page Support: Disabled
 NUMA Support: Disabled
 Compressed Oops: Enabled (32-bit)
 Heap Region Size: 1M
 Heap Min Capacity: 256M
 Heap Initial Capacity: 256M
 Heap Max Capacity: 512M
 Pre-touch: Disabled
 Parallel Workers: 13
 Concurrent Workers: 3
 Concurrent Refinement Workers: 13
 Periodic GC: Disabled
Heap:
 garbage-first heap   total 262144K, used 84500K [0x00000000e0000000, 0x0000000100000000)
  region size 1024K, 55 young (56320K), 20 survivors (20480K)
 Metaspace       used 59289K, committed 61504K, reserved 393216K
  class space    used 8907K, committed 9984K, reserved 327680K
GC Heap History (18 events):
Event: 21.539 GC heap before
{Heap before GC invocations=0 (full 0):
 garbage-first heap   total 262144K, used 26624K [0x00000000e0000000, 0x0000000100000000)
  region size 1024K, 23 young (23552K), 0 survivors (0K)
 Metaspace       used 2703K, committed 2816K, reserved 393216K
  class space    used 314K, committed 384K, reserved 327680K
}
Event: 21.626 GC heap after
{Heap after GC invocations=1 (full 0):
 garbage-first heap   total 262144K, used 10690K [0x00000000e0000000, 0x0000000100000000)
  region size 1024K, 3 young (3072K), 3 survivors (3072K)
 Metaspace       used 2703K, committed 2816K, reserved 393216K
  class space    used 314K, committed 384K, reserved 327680K
}
Event: 39.985 GC heap before
{Heap before GC invocations=1 (full 0):
 garbage-first heap   total 262144K, used 41410K [0x00000000e0000000, 0x0000000100000000)
  region size 1024K, 31 young (31744K), 3 survivors (3072K)
 Metaspace       used 4751K, committed 4928K, reserved 393216K
  class space    used 598K, committed 704K, reserved 327680K
}
Event: 39.996 GC heap after
{Heap after GC invocations=2 (full 0):
 garbage-first heap   total 262144K, used 15539K [0x00000000e0000000, 0x0000000100000000)
  region size 1024K, 4 young (4096K), 4 survivors (4096K)
 Metaspace       used 4751K, committed 4928K, reserved 393216K
  class space    used 598K, committed 704K, reserved 327680K
}
Event: 121.481 GC heap before
{Heap before GC invocations=2 (full 0):
 garbage-first heap   total 262144K, used 107699K [0x00000000e0000000, 0x0000000100000000)
  region size 1024K, 94 young (96256K), 4 survivors (4096K)
 Metaspace       used 17733K, committed 18304K, reserved 393216K
  class space    used 2453K, committed 2752K, reserved 327680K
}
Event: 121.591 GC heap after
{Heap after GC invocations=3 (full 0):
 garbage-first heap   total 262144K, used 23199K [0x00000000e0000000, 0x0000000100000000)
  region size 1024K, 11 young (11264K), 11 survivors (11264K)
 Metaspace       used 17733K, committed 18304K, reserved 393216K
  class space    used 2453K, committed 2752K, reserved 327680K
}
Event: 124.991 GC heap before
{Heap before GC invocations=3 (full 0):
 garbage-first heap   total 262144K, used 45727K [0x00000000e0000000, 0x0000000100000000)
  region size 1024K, 33 young (33792K), 11 survivors (11264K)
 Metaspace       used 20838K, committed 21504K, reserved 393216K
  class space    used 2867K, committed 3200K, reserved 327680K
}
Event: 125.003 GC heap after
{Heap after GC invocations=4 (full 0):
 garbage-first heap   total 262144K, used 25805K [0x00000000e0000000, 0x0000000100000000)
  region size 1024K, 2 young (2048K), 2 survivors (2048K)
 Metaspace       used 20838K, committed 21504K, reserved 393216K
  class space    used 2867K, committed 3200K, reserved 327680K
}
Event: 147.471 GC heap before
{Heap before GC invocations=5 (full 0):
 garbage-first heap   total 262144K, used 131277K [0x00000000e0000000, 0x0000000100000000)
  region size 1024K, 107 young (109568K), 2 survivors (2048K)
 Metaspace       used 34933K, committed 36288K, reserved 393216K
  class space    used 5105K, committed 5760K, reserved 327680K
}
Event: 147.489 GC heap after
{Heap after GC invocations=6 (full 0):
 garbage-first heap   total 262144K, used 29996K [0x00000000e0000000, 0x0000000100000000)
  region size 1024K, 7 young (7168K), 7 survivors (7168K)
 Metaspace       used 34933K, committed 36288K, reserved 393216K
  class space    used 5105K, committed 5760K, reserved 327680K
}
Event: 147.590 GC heap before
{Heap before GC invocations=6 (full 0):
 garbage-first heap   total 262144K, used 31020K [0x00000000e0000000, 0x0000000100000000)
  region size 1024K, 9 young (9216K), 7 survivors (7168K)
 Metaspace       used 35213K, committed 36608K, reserved 393216K
  class space    used 5127K, committed 5760K, reserved 327680K
}
Event: 147.599 GC heap after
{Heap after GC invocations=7 (full 0):
 garbage-first heap   total 262144K, used 30287K [0x00000000e0000000, 0x0000000100000000)
  region size 1024K, 8 young (8192K), 8 survivors (8192K)
 Metaspace       used 35213K, committed 36608K, reserved 393216K
  class space    used 5127K, committed 5760K, reserved 327680K
}
Event: 147.843 GC heap before
{Heap before GC invocations=7 (full 0):
 garbage-first heap   total 262144K, used 33359K [0x00000000e0000000, 0x0000000100000000)
  region size 1024K, 12 young (12288K), 8 survivors (8192K)
 Metaspace       used 35519K, committed 36928K, reserved 393216K
  class space    used 5164K, committed 5888K, reserved 327680K
}
Event: 147.853 GC heap after
{Heap after GC invocations=8 (full 0):
 garbage-first heap   total 262144K, used 31015K [0x00000000e0000000, 0x0000000100000000)
  region size 1024K, 8 young (8192K), 8 survivors (8192K)
 Metaspace       used 35519K, committed 36928K, reserved 393216K
  class space    used 5164K, committed 5888K, reserved 327680K
}
Event: 205.858 GC heap before
{Heap before GC invocations=9 (full 0):
 garbage-first heap   total 262144K, used 178471K [0x00000000e0000000, 0x0000000100000000)
  region size 1024K, 153 young (156672K), 8 survivors (8192K)
 Metaspace       used 48964K, committed 50816K, reserved 393216K
  class space    used 7232K, committed 8128K, reserved 327680K
}
Event: 205.883 GC heap after
{Heap after GC invocations=10 (full 0):
 garbage-first heap   total 262144K, used 39897K [0x00000000e0000000, 0x0000000100000000)
  region size 1024K, 17 young (17408K), 17 survivors (17408K)
 Metaspace       used 48964K, committed 50816K, reserved 393216K
  class space    used 7232K, committed 8128K, reserved 327680K
}
Event: 321.547 GC heap before
{Heap before GC invocations=10 (full 0):
 garbage-first heap   total 262144K, used 179161K [0x00000000e0000000, 0x0000000100000000)
  region size 1024K, 153 young (156672K), 17 survivors (17408K)
 Metaspace       used 57324K, committed 59520K, reserved 393216K
  class space    used 8583K, committed 9664K, reserved 327680K
}
Event: 321.576 GC heap after
{Heap after GC invocations=11 (full 0):
 garbage-first heap   total 262144K, used 49684K [0x00000000e0000000, 0x0000000100000000)
  region size 1024K, 20 young (20480K), 20 survivors (20480K)
 Metaspace       used 57324K, committed 59520K, reserved 393216K
  class space    used 8583K, committed 9664K, reserved 327680K
}

