# JRE version: OpenJDK Runtime Environment Temurin-21.0.12.1+1 (21.0.12.1+1) (build 21.0.12.1+1-LTS)
# Java VM: OpenJDK 64-Bit Server VM Temurin-21.0.12.1+1 (21.0.12.1+1-LTS, mixed mode, sharing, tiered, compressed oops, compressed class ptrs, g1 gc, windows-amd64)
GC Precious Log:
 CardTable entry size: 512
 Card Set container configuration: InlinePtr #cards 5 size 8 Array Of Cards #cards 12 size 40 Howl #buckets 4 coarsen threshold 1843 Howl Bitmap #cards 512 size 80 coarsen threshold 460 Card regions per heap region 1 cards per card region 2048
 CPUs: 16 total, 16 available
 Memory: 16066M
 Large Page Support: Disabled
 NUMA Support: Disabled
 Compressed Oops: Enabled (32-bit)
 Heap Region Size: 1M
 Heap Min Capacity: 256M
 Heap Initial Capacity: 256M
 Heap Max Capacity: 512M
 Pre-touch: Disabled
 Parallel Workers: 13
 Concurrent Workers: 3
 Concurrent Refinement Workers: 13
 Periodic GC: Disabled
Heap:
 garbage-first heap   total 262144K, used 159044K [0x00000000e0000000, 0x0000000100000000)
  region size 1024K, 134 young (137216K), 16 survivors (16384K)
 Metaspace       used 57799K, committed 59904K, reserved 393216K
  class space    used 8661K, committed 9664K, reserved 327680K
GC Heap History (16 events):
Event: 31.795 GC heap before
{Heap before GC invocations=0 (full 0):
 garbage-first heap   total 262144K, used 26624K [0x00000000e0000000, 0x0000000100000000)
  region size 1024K, 23 young (23552K), 0 survivors (0K)
 Metaspace       used 2517K, committed 2688K, reserved 393216K
  class space    used 289K, committed 384K, reserved 327680K
}
Event: 31.843 GC heap after
{Heap after GC invocations=1 (full 0):
 garbage-first heap   total 262144K, used 10673K [0x00000000e0000000, 0x0000000100000000)
  region size 1024K, 3 young (3072K), 3 survivors (3072K)
 Metaspace       used 2517K, committed 2688K, reserved 393216K
  class space    used 289K, committed 384K, reserved 327680K
}
Event: 64.963 GC heap before
{Heap before GC invocations=1 (full 0):
 garbage-first heap   total 262144K, used 40369K [0x00000000e0000000, 0x0000000100000000)
  region size 1024K, 31 young (31744K), 3 survivors (3072K)
 Metaspace       used 4728K, committed 4928K, reserved 393216K
  class space    used 596K, committed 704K, reserved 327680K
}
Event: 64.972 GC heap after
{Heap after GC invocations=2 (full 0):
 garbage-first heap   total 262144K, used 14945K [0x00000000e0000000, 0x0000000100000000)
  region size 1024K, 3 young (3072K), 3 survivors (3072K)
 Metaspace       used 4728K, committed 4928K, reserved 393216K
  class space    used 596K, committed 704K, reserved 327680K
}
Event: 182.743 GC heap before
{Heap before GC invocations=2 (full 0):
 garbage-first heap   total 262144K, used 115297K [0x00000000e0000000, 0x0000000100000000)
  region size 1024K, 101 young (103424K), 3 survivors (3072K)
 Metaspace       used 18680K, committed 19264K, reserved 393216K
  class space    used 2608K, committed 2880K, reserved 327680K
}
Event: 182.806 GC heap after
{Heap after GC invocations=3 (full 0):
 garbage-first heap   total 262144K, used 23555K [0x00000000e0000000, 0x0000000100000000)
  region size 1024K, 12 young (12288K), 12 survivors (12288K)
 Metaspace       used 18680K, committed 19264K, reserved 393216K
  class space    used 2608K, committed 2880K, reserved 327680K
}
Event: 192.257 GC heap before
{Heap before GC invocations=3 (full 0):
 garbage-first heap   total 262144K, used 36867K [0x00000000e0000000, 0x0000000100000000)
  region size 1024K, 25 young (25600K), 12 survivors (12288K)
 Metaspace       used 20824K, committed 21504K, reserved 393216K
  class space    used 2860K, committed 3200K, reserved 327680K
}
Event: 192.276 GC heap after
{Heap after GC invocations=4 (full 0):
 garbage-first heap   total 262144K, used 26131K [0x00000000e0000000, 0x0000000100000000)
  region size 1024K, 2 young (2048K), 2 survivors (2048K)
 Metaspace       used 20824K, committed 21504K, reserved 393216K
  class space    used 2860K, committed 3200K, reserved 327680K
}
Event: 266.755 GC heap before
{Heap before GC invocations=5 (full 0):
 garbage-first heap   total 262144K, used 133651K [0x00000000e0000000, 0x0000000100000000)
  region size 1024K, 109 young (111616K), 2 survivors (2048K)
 Metaspace       used 34921K, committed 36288K, reserved 393216K
  class space    used 5005K, committed 5696K, reserved 327680K
}
Event: 266.774 GC heap after
{Heap after GC invocations=6 (full 0):
 garbage-first heap   total 262144K, used 30555K [0x00000000e0000000, 0x0000000100000000)
  region size 1024K, 7 young (7168K), 7 survivors (7168K)
 Metaspace       used 34921K, committed 36288K, reserved 393216K
  class space    used 5005K, committed 5696K, reserved 327680K
}
Event: 268.410 GC heap before
{Heap before GC invocations=6 (full 0):
 garbage-first heap   total 262144K, used 32603K [0x00000000e0000000, 0x0000000100000000)
  region size 1024K, 10 young (10240K), 7 survivors (7168K)
 Metaspace       used 35207K, committed 36608K, reserved 393216K
  class space    used 5035K, committed 5760K, reserved 327680K
}
Event: 268.419 GC heap after
{Heap after GC invocations=7 (full 0):
 garbage-first heap   total 262144K, used 30705K [0x00000000e0000000, 0x0000000100000000)
  region size 1024K, 8 young (8192K), 8 survivors (8192K)
 Metaspace       used 35207K, committed 36608K, reserved 393216K
  class space    used 5035K, committed 5760K, reserved 327680K
}
Event: 269.128 GC heap before
{Heap before GC invocations=7 (full 0):
 garbage-first heap   total 262144K, used 31729K [0x00000000e0000000, 0x0000000100000000)
  region size 1024K, 10 young (10240K), 8 survivors (8192K)
 Metaspace       used 35581K, committed 36928K, reserved 393216K
  class space    used 5063K, committed 5760K, reserved 327680K
}
Event: 269.138 GC heap after
{Heap after GC invocations=8 (full 0):
 garbage-first heap   total 262144K, used 31212K [0x00000000e0000000, 0x0000000100000000)
  region size 1024K, 8 young (8192K), 8 survivors (8192K)
 Metaspace       used 35581K, committed 36928K, reserved 393216K
  class space    used 5063K, committed 5760K, reserved 327680K
}
Event: 315.619 GC heap before
{Heap before GC invocations=9 (full 0):
 garbage-first heap   total 262144K, used 179692K [0x00000000e0000000, 0x0000000100000000)
  region size 1024K, 153 young (156672K), 8 survivors (8192K)
 Metaspace       used 50271K, committed 52224K, reserved 393216K
  class space    used 7479K, committed 8448K, reserved 327680K
}
Event: 315.645 GC heap after
{Heap after GC invocations=10 (full 0):
 garbage-first heap   total 262144K, used 39236K [0x00000000e0000000, 0x0000000100000000)
  region size 1024K, 16 young (16384K), 16 survivors (16384K)
 Metaspace       used 50271K, committed 52224K, reserved 393216K
  class space    used 7479K, committed 8448K, reserved 327680K
}

