# JRE version: OpenJDK Runtime Environment Temurin-21.0.12.1+1 (21.0.12.1+1) (build 21.0.12.1+1-LTS)
# Java VM: OpenJDK 64-Bit Server VM Temurin-21.0.12.1+1 (21.0.12.1+1-LTS, mixed mode, sharing, tiered, compressed oops, compressed class ptrs, g1 gc, windows-amd64)
GC Precious Log:
 CardTable entry size: 512
 Card Set container configuration: InlinePtr #cards 5 size 8 Array Of Cards #cards 12 size 40 Howl #buckets 4 coarsen threshold 1843 Howl Bitmap #cards 512 size 80 coarsen threshold 460 Card regions per heap region 1 cards per card region 2048
 CPUs: 16 total, 16 available
 Memory: 16066M
 Large Page Support: Disabled
 NUMA Support: Disabled
 Compressed Oops: Enabled (32-bit)
 Heap Region Size: 1M
 Heap Min Capacity: 256M
 Heap Initial Capacity: 256M
 Heap Max Capacity: 512M
 Pre-touch: Disabled
 Parallel Workers: 13
 Concurrent Workers: 3
 Concurrent Refinement Workers: 13
 Periodic GC: Disabled
Heap:
 garbage-first heap   total 262144K, used 89882K [0x00000000e0000000, 0x0000000100000000)
  region size 1024K, 38 young (38912K), 3 survivors (3072K)
 Metaspace       used 63266K, committed 65600K, reserved 393216K
  class space    used 9303K, committed 10496K, reserved 327680K
GC Heap History (20 events):
Event: 5.074 GC heap before
{Heap before GC invocations=2 (full 0):
 garbage-first heap   total 262144K, used 86155K [0x00000000e0000000, 0x0000000100000000)
  region size 1024K, 73 young (74752K), 4 survivors (4096K)
 Metaspace       used 16337K, committed 16768K, reserved 393216K
  class space    used 2219K, committed 2432K, reserved 327680K
}
Event: 5.083 GC heap after
{Heap after GC invocations=3 (full 0):
 garbage-first heap   total 262144K, used 22518K [0x00000000e0000000, 0x0000000100000000)
  region size 1024K, 10 young (10240K), 10 survivors (10240K)
 Metaspace       used 16337K, committed 16768K, reserved 393216K
  class space    used 2219K, committed 2432K, reserved 327680K
}
Event: 6.100 GC heap before
{Heap before GC invocations=3 (full 0):
 garbage-first heap   total 262144K, used 55286K [0x00000000e0000000, 0x0000000100000000)
  region size 1024K, 43 young (44032K), 10 survivors (10240K)
 Metaspace       used 20906K, committed 21504K, reserved 393216K
  class space    used 2982K, committed 3264K, reserved 327680K
}
Event: 6.106 GC heap after
{Heap after GC invocations=4 (full 0):
 garbage-first heap   total 262144K, used 24852K [0x00000000e0000000, 0x0000000100000000)
  region size 1024K, 3 young (3072K), 3 survivors (3072K)
 Metaspace       used 20906K, committed 21504K, reserved 393216K
  class space    used 2982K, committed 3264K, reserved 327680K
}
Event: 9.193 GC heap before
{Heap before GC invocations=5 (full 0):
 garbage-first heap   total 262144K, used 126228K [0x00000000e0000000, 0x0000000100000000)
  region size 1024K, 102 young (104448K), 3 survivors (3072K)
 Metaspace       used 34632K, committed 35968K, reserved 393216K
  class space    used 5186K, committed 5824K, reserved 327680K
}
Event: 9.199 GC heap after
{Heap after GC invocations=6 (full 0):
 garbage-first heap   total 262144K, used 30203K [0x00000000e0000000, 0x0000000100000000)
  region size 1024K, 8 young (8192K), 8 survivors (8192K)
 Metaspace       used 34632K, committed 35968K, reserved 393216K
  class space    used 5186K, committed 5824K, reserved 327680K
}
Event: 9.254 GC heap before
{Heap before GC invocations=6 (full 0):
 garbage-first heap   total 262144K, used 31227K [0x00000000e0000000, 0x0000000100000000)
  region size 1024K, 10 young (10240K), 8 survivors (8192K)
 Metaspace       used 34975K, committed 36288K, reserved 393216K
  class space    used 5229K, committed 5888K, reserved 327680K
}
Event: 9.260 GC heap after
{Heap after GC invocations=7 (full 0):
 garbage-first heap   total 262144K, used 30938K [0x00000000e0000000, 0x0000000100000000)
  region size 1024K, 9 young (9216K), 9 survivors (9216K)
 Metaspace       used 34975K, committed 36288K, reserved 393216K
  class space    used 5229K, committed 5888K, reserved 327680K
}
Event: 9.336 GC heap before
{Heap before GC invocations=7 (full 0):
 garbage-first heap   total 262144K, used 32986K [0x00000000e0000000, 0x0000000100000000)
  region size 1024K, 13 young (13312K), 9 survivors (9216K)
 Metaspace       used 35277K, committed 36608K, reserved 393216K
  class space    used 5273K, committed 5952K, reserved 327680K
}
Event: 9.342 GC heap after
{Heap after GC invocations=8 (full 0):
 garbage-first heap   total 262144K, used 31353K [0x00000000e0000000, 0x0000000100000000)
  region size 1024K, 9 young (9216K), 9 survivors (9216K)
 Metaspace       used 35277K, committed 36608K, reserved 393216K
  class space    used 5273K, committed 5952K, reserved 327680K
}
Event: 13.897 GC heap before
{Heap before GC invocations=9 (full 0):
 garbage-first heap   total 262144K, used 177785K [0x00000000e0000000, 0x0000000100000000)
  region size 1024K, 153 young (156672K), 9 survivors (9216K)
 Metaspace       used 50200K, committed 52096K, reserved 393216K
  class space    used 7480K, committed 8384K, reserved 327680K
}
Event: 13.910 GC heap after
{Heap after GC invocations=10 (full 0):
 garbage-first heap   total 262144K, used 41883K [0x00000000e0000000, 0x0000000100000000)
  region size 1024K, 20 young (20480K), 20 survivors (20480K)
 Metaspace       used 50200K, committed 52096K, reserved 393216K
  class space    used 7480K, committed 8384K, reserved 327680K
}
Event: 43.225 GC heap before
{Heap before GC invocations=10 (full 0):
 garbage-first heap   total 262144K, used 178075K [0x00000000e0000000, 0x0000000100000000)
  region size 1024K, 153 young (156672K), 20 survivors (20480K)
 Metaspace       used 59111K, committed 61312K, reserved 393216K
  class space    used 8954K, committed 10048K, reserved 327680K
}
Event: 43.251 GC heap after
{Heap after GC invocations=11 (full 0):
 garbage-first heap   total 262144K, used 52524K [0x00000000e0000000, 0x0000000100000000)
  region size 1024K, 13 young (13312K), 13 survivors (13312K)
 Metaspace       used 59111K, committed 61312K, reserved 393216K
  class space    used 8954K, committed 10048K, reserved 327680K
}
Event: 43.306 GC heap before
{Heap before GC invocations=11 (full 0):
 garbage-first heap   total 262144K, used 52524K [0x00000000e0000000, 0x0000000100000000)
  region size 1024K, 14 young (14336K), 13 survivors (13312K)
 Metaspace       used 59140K, committed 61376K, reserved 393216K
  class space    used 8959K, committed 10048K, reserved 327680K
}
Event: 43.318 GC heap after
{Heap after GC invocations=12 (full 0):
 garbage-first heap   total 262144K, used 54391K [0x00000000e0000000, 0x0000000100000000)
  region size 1024K, 3 young (3072K), 3 survivors (3072K)
 Metaspace       used 59140K, committed 61376K, reserved 393216K
  class space    used 8959K, committed 10048K, reserved 327680K
}
Event: 66.352 GC heap before
{Heap before GC invocations=13 (full 0):
 garbage-first heap   total 262144K, used 207991K [0x00000000e0000000, 0x0000000100000000)
  region size 1024K, 153 young (156672K), 3 survivors (3072K)
 Metaspace       used 62061K, committed 64384K, reserved 393216K
  class space    used 9259K, committed 10432K, reserved 327680K
}
Event: 66.358 GC heap after
{Heap after GC invocations=14 (full 0):
 garbage-first heap   total 262144K, used 55822K [0x00000000e0000000, 0x0000000100000000)
  region size 1024K, 4 young (4096K), 4 survivors (4096K)
 Metaspace       used 62061K, committed 64384K, reserved 393216K
  class space    used 9259K, committed 10432K, reserved 327680K
}
Event: 106.487 GC heap before
{Heap before GC invocations=14 (full 0):
 garbage-first heap   total 262144K, used 207374K [0x00000000e0000000, 0x0000000100000000)
  region size 1024K, 153 young (156672K), 4 survivors (4096K)
 Metaspace       used 63137K, committed 65536K, reserved 393216K
  class space    used 9299K, committed 10496K, reserved 327680K
}
Event: 106.497 GC heap after
{Heap after GC invocations=15 (full 0):
 garbage-first heap   total 262144K, used 55066K [0x00000000e0000000, 0x0000000100000000)
  region size 1024K, 3 young (3072K), 3 survivors (3072K)
 Metaspace       used 63137K, committed 65536K, reserved 393216K
  class space    used 9299K, committed 10496K, reserved 327680K
}

