# JRE version: OpenJDK Runtime Environment Temurin-21.0.12.1+1 (21.0.12.1+1) (build 21.0.12.1+1-LTS)
# Java VM: OpenJDK 64-Bit Server VM Temurin-21.0.12.1+1 (21.0.12.1+1-LTS, mixed mode, sharing, tiered, compressed oops, compressed class ptrs, g1 gc, windows-amd64)
GC Precious Log:
 CardTable entry size: 512
 Card Set container configuration: InlinePtr #cards 5 size 8 Array Of Cards #cards 12 size 40 Howl #buckets 4 coarsen threshold 1843 Howl Bitmap #cards 512 size 80 coarsen threshold 460 Card regions per heap region 1 cards per card region 2048
 CPUs: 16 total, 16 available
 Memory: 16066M
 Large Page Support: Disabled
 NUMA Support: Disabled
 Compressed Oops: Enabled (32-bit)
 Heap Region Size: 1M
 Heap Min Capacity: 256M
 Heap Initial Capacity: 256M
 Heap Max Capacity: 512M
 Pre-touch: Disabled
 Parallel Workers: 13
 Concurrent Workers: 3
 Concurrent Refinement Workers: 13
 Periodic GC: Disabled
Heap:
 garbage-first heap   total 262144K, used 162206K [0x00000000e0000000, 0x0000000100000000)
  region size 1024K, 138 young (141312K), 14 survivors (14336K)
 Metaspace       used 56496K, committed 58624K, reserved 393216K
  class space    used 8365K, committed 9408K, reserved 327680K
GC Heap History (14 events):
Event: 1.904 GC heap before
{Heap before GC invocations=0 (full 0):
 garbage-first heap   total 262144K, used 26624K [0x00000000e0000000, 0x0000000100000000)
  region size 1024K, 23 young (23552K), 0 survivors (0K)
 Metaspace       used 3105K, committed 3264K, reserved 393216K
  class space    used 372K, committed 448K, reserved 327680K
}
Event: 1.914 GC heap after
{Heap after GC invocations=1 (full 0):
 garbage-first heap   total 262144K, used 11049K [0x00000000e0000000, 0x0000000100000000)
  region size 1024K, 3 young (3072K), 3 survivors (3072K)
 Metaspace       used 3105K, committed 3264K, reserved 393216K
  class space    used 372K, committed 448K, reserved 327680K
}
Event: 23.770 GC heap before
{Heap before GC invocations=1 (full 0):
 garbage-first heap   total 262144K, used 40745K [0x00000000e0000000, 0x0000000100000000)
  region size 1024K, 31 young (31744K), 3 survivors (3072K)
 Metaspace       used 4748K, committed 4928K, reserved 393216K
  class space    used 594K, committed 704K, reserved 327680K
}
Event: 23.777 GC heap after
{Heap after GC invocations=2 (full 0):
 garbage-first heap   total 262144K, used 16114K [0x00000000e0000000, 0x0000000100000000)
  region size 1024K, 4 young (4096K), 4 survivors (4096K)
 Metaspace       used 4748K, committed 4928K, reserved 393216K
  class space    used 594K, committed 704K, reserved 327680K
}
Event: 217.305 GC heap before
{Heap before GC invocations=2 (full 0):
 garbage-first heap   total 262144K, used 134898K [0x00000000e0000000, 0x0000000100000000)
  region size 1024K, 121 young (123904K), 4 survivors (4096K)
 Metaspace       used 20914K, committed 21504K, reserved 393216K
  class space    used 2928K, committed 3200K, reserved 327680K
}
Event: 217.711 GC heap after
{Heap after GC invocations=3 (full 0):
 garbage-first heap   total 262144K, used 24276K [0x00000000e0000000, 0x0000000100000000)
  region size 1024K, 12 young (12288K), 12 survivors (12288K)
 Metaspace       used 20914K, committed 21504K, reserved 393216K
  class space    used 2928K, committed 3200K, reserved 327680K
}
Event: 382.626 GC heap before
{Heap before GC invocations=4 (full 0):
 garbage-first heap   total 262144K, used 130772K [0x00000000e0000000, 0x0000000100000000)
  region size 1024K, 116 young (118784K), 12 survivors (12288K)
 Metaspace       used 34764K, committed 36096K, reserved 393216K
  class space    used 4995K, committed 5696K, reserved 327680K
}
Event: 382.662 GC heap after
{Heap after GC invocations=5 (full 0):
 garbage-first heap   total 262144K, used 29852K [0x00000000e0000000, 0x0000000100000000)
  region size 1024K, 14 young (14336K), 14 survivors (14336K)
 Metaspace       used 34764K, committed 36096K, reserved 393216K
  class space    used 4995K, committed 5696K, reserved 327680K
}
Event: 386.474 GC heap before
{Heap before GC invocations=5 (full 0):
 garbage-first heap   total 262144K, used 31900K [0x00000000e0000000, 0x0000000100000000)
  region size 1024K, 17 young (17408K), 14 survivors (14336K)
 Metaspace       used 35112K, committed 36416K, reserved 393216K
  class space    used 5022K, committed 5696K, reserved 327680K
}
Event: 386.493 GC heap after
{Heap after GC invocations=6 (full 0):
 garbage-first heap   total 262144K, used 29910K [0x00000000e0000000, 0x0000000100000000)
  region size 1024K, 7 young (7168K), 7 survivors (7168K)
 Metaspace       used 35112K, committed 36416K, reserved 393216K
  class space    used 5022K, committed 5696K, reserved 327680K
}
Event: 392.054 GC heap before
{Heap before GC invocations=6 (full 0):
 garbage-first heap   total 262144K, used 31958K [0x00000000e0000000, 0x0000000100000000)
  region size 1024K, 10 young (10240K), 7 survivors (7168K)
 Metaspace       used 35383K, committed 36736K, reserved 393216K
  class space    used 5060K, committed 5760K, reserved 327680K
}
Event: 392.061 GC heap after
{Heap after GC invocations=7 (full 0):
 garbage-first heap   total 262144K, used 30056K [0x00000000e0000000, 0x0000000100000000)
  region size 1024K, 7 young (7168K), 7 survivors (7168K)
 Metaspace       used 35383K, committed 36736K, reserved 393216K
  class space    used 5060K, committed 5760K, reserved 327680K
}
Event: 895.400 GC heap before
{Heap before GC invocations=8 (full 0):
 garbage-first heap   total 262144K, used 178536K [0x00000000e0000000, 0x0000000100000000)
  region size 1024K, 153 young (156672K), 7 survivors (7168K)
 Metaspace       used 48412K, committed 50304K, reserved 393216K
  class space    used 7180K, committed 8128K, reserved 327680K
}
Event: 895.542 GC heap after
{Heap after GC invocations=9 (full 0):
 garbage-first heap   total 262144K, used 37278K [0x00000000e0000000, 0x0000000100000000)
  region size 1024K, 14 young (14336K), 14 survivors (14336K)
 Metaspace       used 48412K, committed 50304K, reserved 393216K
  class space    used 7180K, committed 8128K, reserved 327680K
}

